#
# There is insufficient memory for the Java Runtime Environment to continue.
# Native memory allocation (malloc) failed to allocate 2067696 bytes for Chunk::new
# Possible reasons:
#   The system is out of physical RAM or swap space
#   The process is running with CompressedOops enabled, and the Java Heap may be blocking the growth of the native heap
# Possible solutions:
#   Reduce memory load on the system
#   Increase physical memory or swap space
#   Check if swap backing store is full
#   Decrease Java heap size (-Xmx/-Xms)
#   Decrease number of Java threads
#   Decrease Java thread stack sizes (-Xss)
#   Set larger code cache with -XX:ReservedCodeCacheSize=
#   JVM is running with Zero Based Compressed Oops mode in which the Java heap is
#     placed in the first 32GB address space. The Java Heap base address is the
#     maximum limit for the native heap growth. Please use -XX:HeapBaseMinAddress
#     to set the Java Heap base and to place the Java Heap above 32GB virtual address.
# This output file may be truncated or incomplete.
#
#  Out of Memory Error (arena.cpp:197), pid=14720, tid=6368
#
# JRE version: OpenJDK Runtime Environment Corretto-11.0.19.7.1 (11.0.19+7) (build 11.0.19+7-LTS)
# Java VM: OpenJDK 64-Bit Server VM Corretto-11.0.19.7.1 (11.0.19+7-LTS, mixed mode, tiered, compressed oops, g1 gc, windows-amd64)
# No core dump will be written. Minidumps are not enabled by default on client versions of Windows
#

---------------  S U M M A R Y ------------

Command Line: org.jetbrains.kotlin.cli.jvm.K2JVMCompiler @C:\Users\User\AndroidStudioProjects\SkillCinema\app\build\20230816_1593260820769973603.compiler.options

Host: Intel(R) Core(TM) i5-6600 CPU @ 3.30GHz, 4 cores, 15G,  Windows 10 , 64 bit Build 19041 (10.0.19041.3155)
Time: Wed Aug 16 22:03:46 2023 RTZ 2 (s 10 , 64 bit Build 19041 (10.0.19041.3155) elapsed time: 52.202022 seconds (0d 0h 0m 52s)

---------------  T H R E A D  ---------------

Current thread (0x00000267ff6e8800):  JavaThread "C2 CompilerThread0" daemon [_thread_in_native, id=6368, stack(0x00000091ff800000,0x00000091ff900000)]


Current CompileTask:
C2:  52202 24900       4       org.jetbrains.org.objectweb.asm.ClassReader::accept (1380 bytes)

Stack: [0x00000091ff800000,0x00000091ff900000]
Native frames: (J=compiled Java code, j=interpreted, Vv=VM code, C=native code)
V  [jvm.dll+0x6235aa]
V  [jvm.dll+0x7b0f89]
V  [jvm.dll+0x7b2678]
V  [jvm.dll+0x7b2d53]
V  [jvm.dll+0x24fe38]
V  [jvm.dll+0xc264c]
V  [jvm.dll+0xc2c0c]
V  [jvm.dll+0x35cc37]
V  [jvm.dll+0x19ecf1]
V  [jvm.dll+0x209395]
V  [jvm.dll+0x20840d]
V  [jvm.dll+0x18a3c1]
V  [jvm.dll+0x217ab4]
V  [jvm.dll+0x215cfb]
V  [jvm.dll+0x773a90]
V  [jvm.dll+0x76c9c4]
V  [jvm.dll+0x622415]
C  [ucrtbase.dll+0x21bb2]
C  [KERNEL32.DLL+0x17614]
C  [ntdll.dll+0x526b1]


---------------  P R O C E S S  ---------------

Threads class SMR info:
_java_thread_list=0x000002679241fc70, length=11, elements={
0x00000267e19bf000, 0x00000267ff68a000, 0x00000267ff68b000, 0x00000267ff6e3800,
0x00000267ff6e4000, 0x00000267ff6e5000, 0x00000267ff6e8800, 0x00000267ff6ea800,
0x00000267ff6ef000, 0x00000267ff897800, 0x000002679179e800
}

Java Threads: ( => current thread )
  0x00000267e19bf000 JavaThread "main" [_thread_in_vm, id=14900, stack(0x00000091fec00000,0x00000091fed00000)]
  0x00000267ff68a000 JavaThread "Reference Handler" daemon [_thread_blocked, id=7664, stack(0x00000091ff300000,0x00000091ff400000)]
  0x00000267ff68b000 JavaThread "Finalizer" daemon [_thread_blocked, id=12776, stack(0x00000091ff400000,0x00000091ff500000)]
  0x00000267ff6e3800 JavaThread "Signal Dispatcher" daemon [_thread_blocked, id=14728, stack(0x00000091ff500000,0x00000091ff600000)]
  0x00000267ff6e4000 JavaThread "Attach Listener" daemon [_thread_blocked, id=1004, stack(0x00000091ff600000,0x00000091ff700000)]
  0x00000267ff6e5000 JavaThread "Service Thread" daemon [_thread_blocked, id=12756, stack(0x00000091ff700000,0x00000091ff800000)]
=>0x00000267ff6e8800 JavaThread "C2 CompilerThread0" daemon [_thread_in_native, id=6368, stack(0x00000091ff800000,0x00000091ff900000)]
  0x00000267ff6ea800 JavaThread "C1 CompilerThread0" daemon [_thread_blocked, id=13924, stack(0x00000091ff900000,0x00000091ffa00000)]
  0x00000267ff6ef000 JavaThread "Sweeper thread" daemon [_thread_blocked, id=6676, stack(0x00000091ffa00000,0x00000091ffb00000)]
  0x00000267ff897800 JavaThread "Common-Cleaner" daemon [_thread_blocked, id=1136, stack(0x00000091ffc00000,0x00000091ffd00000)]
  0x000002679179e800 JavaThread "C2 CompilerThread1" daemon [_thread_in_native, id=8888, stack(0x0000009180200000,0x0000009180300000)]

Other Threads:
  0x00000267ff664800 VMThread "VM Thread" [stack: 0x00000091ff200000,0x00000091ff300000] [id=1448]
  0x00000267ff88b800 WatcherThread [stack: 0x00000091ffb00000,0x00000091ffc00000] [id=8280]
  0x00000267e19d2800 GCTaskThread "GC Thread#0" [stack: 0x00000091fed00000,0x00000091fee00000] [id=3836]
  0x0000026788326800 GCTaskThread "GC Thread#1" [stack: 0x00000091ffe00000,0x00000091fff00000] [id=2132]
  0x0000026788348800 GCTaskThread "GC Thread#2" [stack: 0x00000091fff00000,0x0000009200000000] [id=9836]
  0x0000026788243000 GCTaskThread "GC Thread#3" [stack: 0x0000009180000000,0x0000009180100000] [id=14456]
  0x00000267e1a2d800 ConcurrentGCThread "G1 Main Marker" [stack: 0x00000091fee00000,0x00000091fef00000] [id=2104]
  0x00000267e1a30000 ConcurrentGCThread "G1 Conc#0" [stack: 0x00000091fef00000,0x00000091ff000000] [id=4316]
  0x00000267fecb3000 ConcurrentGCThread "G1 Refine#0" [stack: 0x00000091ff000000,0x00000091ff100000] [id=7640]
  0x000002678e18a800 ConcurrentGCThread "G1 Refine#1" [stack: 0x0000009180100000,0x0000009180200000] [id=14764]
  0x0000026791917000 ConcurrentGCThread "G1 Refine#2" [stack: 0x0000009180300000,0x0000009180400000] [id=7484]
  0x00000267fecb4000 ConcurrentGCThread "G1 Young RemSet Sampling" [stack: 0x00000091ff100000,0x00000091ff200000] [id=3452]

Threads with active compile tasks:
C2 CompilerThread0    52223 24900       4       org.jetbrains.org.objectweb.asm.ClassReader::accept (1380 bytes)
C2 CompilerThread1    52223 24992       4       org.jetbrains.kotlin.types.AbstractTypeMapper::mapClassType (177 bytes)

VM state:not at safepoint (normal execution)

VM Mutex/Monitor currently owned by a thread: None

Heap address: 0x0000000701200000, size: 4078 MB, Compressed Oops mode: Zero based, Oop shift amount: 3
Narrow klass base: 0x0000000800000000, Narrow klass shift: 0
Compressed class space size: 1073741824 Address: 0x0000000800000000

Heap:
 garbage-first heap   total 315392K, used 241664K [0x0000000701200000, 0x0000000800000000)
  region size 1024K, 88 young (90112K), 7 survivors (7168K)
 Metaspace       used 98025K, capacity 99417K, committed 99456K, reserved 1138688K
  class space    used 9868K, capacity 10340K, committed 10368K, reserved 1048576K
Heap Regions: E=young(eden), S=young(survivor), O=old, HS=humongous(starts), HC=humongous(continues), CS=collection set, F=free, A=archive, TAMS=top-at-mark-start (previous, next)
|   0|0x0000000701200000, 0x0000000701300000, 0x0000000701300000|100%|HS|  |TAMS 0x0000000701300000, 0x0000000701200000| Complete 
|   1|0x0000000701300000, 0x0000000701400000, 0x0000000701400000|100%|HC|  |TAMS 0x0000000701400000, 0x0000000701300000| Complete 
|   2|0x0000000701400000, 0x0000000701500000, 0x0000000701500000|100%|HC|  |TAMS 0x0000000701500000, 0x0000000701400000| Complete 
|   3|0x0000000701500000, 0x0000000701600000, 0x0000000701600000|100%| O|  |TAMS 0x0000000701600000, 0x0000000701500000| Untracked 
|   4|0x0000000701600000, 0x0000000701700000, 0x0000000701700000|100%| O|  |TAMS 0x0000000701700000, 0x0000000701600000| Untracked 
|   5|0x0000000701700000, 0x0000000701800000, 0x0000000701800000|100%|HS|  |TAMS 0x0000000701800000, 0x0000000701700000| Complete 
|   6|0x0000000701800000, 0x0000000701900000, 0x0000000701900000|100%|HC|  |TAMS 0x0000000701900000, 0x0000000701800000| Complete 
|   7|0x0000000701900000, 0x0000000701a00000, 0x0000000701a00000|100%|HC|  |TAMS 0x0000000701a00000, 0x0000000701900000| Complete 
|   8|0x0000000701a00000, 0x0000000701b00000, 0x0000000701b00000|100%|HS|  |TAMS 0x0000000701b00000, 0x0000000701a00000| Complete 
|   9|0x0000000701b00000, 0x0000000701c00000, 0x0000000701c00000|100%|HC|  |TAMS 0x0000000701c00000, 0x0000000701b00000| Complete 
|  10|0x0000000701c00000, 0x0000000701d00000, 0x0000000701d00000|100%| O|  |TAMS 0x0000000701d00000, 0x0000000701c00000| Untracked 
|  11|0x0000000701d00000, 0x0000000701e00000, 0x0000000701e00000|100%| O|  |TAMS 0x0000000701e00000, 0x0000000701d00000| Untracked 
|  12|0x0000000701e00000, 0x0000000701f00000, 0x0000000701f00000|100%| O|  |TAMS 0x0000000701f00000, 0x0000000701e00000| Untracked 
|  13|0x0000000701f00000, 0x0000000702000000, 0x0000000702000000|100%| O|  |TAMS 0x0000000702000000, 0x0000000701f00000| Untracked 
|  14|0x0000000702000000, 0x0000000702100000, 0x0000000702100000|100%| O|  |TAMS 0x0000000702100000, 0x0000000702000000| Untracked 
|  15|0x0000000702100000, 0x0000000702200000, 0x0000000702200000|100%| O|  |TAMS 0x0000000702200000, 0x0000000702100000| Complete 
|  16|0x0000000702200000, 0x0000000702300000, 0x0000000702300000|100%| O|  |TAMS 0x0000000702300000, 0x0000000702200000| Untracked 
|  17|0x0000000702300000, 0x0000000702400000, 0x0000000702400000|100%| O|  |TAMS 0x0000000702400000, 0x0000000702300000| Untracked 
|  18|0x0000000702400000, 0x0000000702500000, 0x0000000702500000|100%| O|  |TAMS 0x0000000702500000, 0x0000000702400000| Untracked 
|  19|0x0000000702500000, 0x0000000702600000, 0x0000000702600000|100%| O|  |TAMS 0x0000000702600000, 0x0000000702500000| Untracked 
|  20|0x0000000702600000, 0x0000000702700000, 0x0000000702700000|100%| O|  |TAMS 0x0000000702700000, 0x0000000702600000| Complete 
|  21|0x0000000702700000, 0x0000000702800000, 0x0000000702800000|100%| O|  |TAMS 0x0000000702800000, 0x0000000702700000| Complete 
|  22|0x0000000702800000, 0x0000000702900000, 0x0000000702900000|100%| O|  |TAMS 0x0000000702900000, 0x0000000702800000| Complete 
|  23|0x0000000702900000, 0x0000000702a00000, 0x0000000702a00000|100%| O|  |TAMS 0x0000000702a00000, 0x0000000702900000| Untracked 
|  24|0x0000000702a00000, 0x0000000702b00000, 0x0000000702b00000|100%| O|  |TAMS 0x0000000702b00000, 0x0000000702a00000| Untracked 
|  25|0x0000000702b00000, 0x0000000702c00000, 0x0000000702c00000|100%| O|  |TAMS 0x0000000702c00000, 0x0000000702b00000| Untracked 
|  26|0x0000000702c00000, 0x0000000702d00000, 0x0000000702d00000|100%| O|  |TAMS 0x0000000702d00000, 0x0000000702c00000| Untracked 
|  27|0x0000000702d00000, 0x0000000702e00000, 0x0000000702e00000|100%| O|  |TAMS 0x0000000702e00000, 0x0000000702d00000| Untracked 
|  28|0x0000000702e00000, 0x0000000702f00000, 0x0000000702f00000|100%| O|  |TAMS 0x0000000702f00000, 0x0000000702e00000| Untracked 
|  29|0x0000000702f00000, 0x0000000703000000, 0x0000000703000000|100%| O|  |TAMS 0x0000000703000000, 0x0000000702f00000| Untracked 
|  30|0x0000000703000000, 0x0000000703100000, 0x0000000703100000|100%| O|  |TAMS 0x0000000703100000, 0x0000000703000000| Untracked 
|  31|0x0000000703100000, 0x0000000703200000, 0x0000000703200000|100%| O|  |TAMS 0x0000000703200000, 0x0000000703100000| Complete 
|  32|0x0000000703200000, 0x0000000703300000, 0x0000000703300000|100%| O|  |TAMS 0x0000000703300000, 0x0000000703200000| Untracked 
|  33|0x0000000703300000, 0x0000000703400000, 0x0000000703400000|100%| O|  |TAMS 0x0000000703400000, 0x0000000703300000| Untracked 
|  34|0x0000000703400000, 0x0000000703500000, 0x0000000703500000|100%| O|  |TAMS 0x0000000703500000, 0x0000000703400000| Untracked 
|  35|0x0000000703500000, 0x0000000703600000, 0x0000000703600000|100%| O|  |TAMS 0x0000000703600000, 0x0000000703500000| Untracked 
|  36|0x0000000703600000, 0x0000000703700000, 0x0000000703700000|100%| O|  |TAMS 0x0000000703700000, 0x0000000703600000| Untracked 
|  37|0x0000000703700000, 0x0000000703800000, 0x0000000703800000|100%| O|  |TAMS 0x0000000703800000, 0x0000000703700000| Complete 
|  38|0x0000000703800000, 0x0000000703900000, 0x0000000703900000|100%| O|  |TAMS 0x0000000703900000, 0x0000000703800000| Complete 
|  39|0x0000000703900000, 0x0000000703a00000, 0x0000000703a00000|100%| O|  |TAMS 0x0000000703a00000, 0x0000000703900000| Untracked 
|  40|0x0000000703a00000, 0x0000000703b00000, 0x0000000703b00000|100%| O|  |TAMS 0x0000000703b00000, 0x0000000703a00000| Untracked 
|  41|0x0000000703b00000, 0x0000000703c00000, 0x0000000703c00000|100%| O|  |TAMS 0x0000000703c00000, 0x0000000703b00000| Untracked 
|  42|0x0000000703c00000, 0x0000000703d00000, 0x0000000703d00000|100%| O|  |TAMS 0x0000000703d00000, 0x0000000703c00000| Untracked 
|  43|0x0000000703d00000, 0x0000000703e00000, 0x0000000703e00000|100%| O|  |TAMS 0x0000000703e00000, 0x0000000703d00000| Untracked 
|  44|0x0000000703e00000, 0x0000000703f00000, 0x0000000703f00000|100%| O|  |TAMS 0x0000000703f00000, 0x0000000703e00000| Untracked 
|  45|0x0000000703f00000, 0x0000000704000000, 0x0000000704000000|100%| O|  |TAMS 0x0000000704000000, 0x0000000703f00000| Untracked 
|  46|0x0000000704000000, 0x0000000704100000, 0x0000000704100000|100%| O|  |TAMS 0x0000000704100000, 0x0000000704000000| Untracked 
|  47|0x0000000704100000, 0x0000000704200000, 0x0000000704200000|100%| O|  |TAMS 0x0000000704200000, 0x0000000704100000| Untracked 
|  48|0x0000000704200000, 0x0000000704300000, 0x0000000704300000|100%| O|  |TAMS 0x0000000704300000, 0x0000000704200000| Untracked 
|  49|0x0000000704300000, 0x0000000704400000, 0x0000000704400000|100%| O|  |TAMS 0x0000000704400000, 0x0000000704300000| Untracked 
|  50|0x0000000704400000, 0x0000000704500000, 0x0000000704500000|100%| O|  |TAMS 0x0000000704500000, 0x0000000704400000| Untracked 
|  51|0x0000000704500000, 0x0000000704600000, 0x0000000704600000|100%| O|  |TAMS 0x0000000704600000, 0x0000000704500000| Complete 
|  52|0x0000000704600000, 0x0000000704700000, 0x0000000704700000|100%| O|  |TAMS 0x0000000704700000, 0x0000000704600000| Complete 
|  53|0x0000000704700000, 0x0000000704700000, 0x0000000704800000|  0%| F|  |TAMS 0x0000000704700000, 0x0000000704700000| Untracked 
|  54|0x0000000704800000, 0x0000000704800000, 0x0000000704900000|  0%| F|  |TAMS 0x0000000704800000, 0x0000000704800000| Untracked 
|  55|0x0000000704900000, 0x0000000704a00000, 0x0000000704a00000|100%| O|  |TAMS 0x0000000704a00000, 0x0000000704900000| Untracked 
|  56|0x0000000704a00000, 0x0000000704b00000, 0x0000000704b00000|100%| O|  |TAMS 0x0000000704b00000, 0x0000000704a00000| Untracked 
|  57|0x0000000704b00000, 0x0000000704c00000, 0x0000000704c00000|100%| O|  |TAMS 0x0000000704c00000, 0x0000000704b00000| Untracked 
|  58|0x0000000704c00000, 0x0000000704d00000, 0x0000000704d00000|100%| O|  |TAMS 0x0000000704d00000, 0x0000000704c00000| Untracked 
|  59|0x0000000704d00000, 0x0000000704e00000, 0x0000000704e00000|100%| O|  |TAMS 0x0000000704e00000, 0x0000000704d00000| Untracked 
|  60|0x0000000704e00000, 0x0000000704f00000, 0x0000000704f00000|100%| O|  |TAMS 0x0000000704f00000, 0x0000000704e00000| Untracked 
|  61|0x0000000704f00000, 0x0000000705000000, 0x0000000705000000|100%| O|  |TAMS 0x0000000705000000, 0x0000000704f00000| Untracked 
|  62|0x0000000705000000, 0x0000000705100000, 0x0000000705100000|100%| O|  |TAMS 0x0000000705100000, 0x0000000705000000| Untracked 
|  63|0x0000000705100000, 0x0000000705200000, 0x0000000705200000|100%| O|  |TAMS 0x0000000705200000, 0x0000000705100000| Untracked 
|  64|0x0000000705200000, 0x0000000705300000, 0x0000000705300000|100%| O|  |TAMS 0x0000000705300000, 0x0000000705200000| Untracked 
|  65|0x0000000705300000, 0x0000000705400000, 0x0000000705400000|100%| O|  |TAMS 0x0000000705400000, 0x0000000705300000| Complete 
|  66|0x0000000705400000, 0x0000000705500000, 0x0000000705500000|100%| O|  |TAMS 0x0000000705500000, 0x0000000705400000| Complete 
|  67|0x0000000705500000, 0x0000000705600000, 0x0000000705600000|100%| O|  |TAMS 0x0000000705600000, 0x0000000705500000| Untracked 
|  68|0x0000000705600000, 0x0000000705700000, 0x0000000705700000|100%| O|  |TAMS 0x0000000705700000, 0x0000000705600000| Untracked 
|  69|0x0000000705700000, 0x0000000705800000, 0x0000000705800000|100%| O|  |TAMS 0x0000000705800000, 0x0000000705700000| Complete 
|  70|0x0000000705800000, 0x0000000705900000, 0x0000000705900000|100%| O|  |TAMS 0x0000000705900000, 0x0000000705800000| Complete 
|  71|0x0000000705900000, 0x0000000705a00000, 0x0000000705a00000|100%| O|  |TAMS 0x0000000705a00000, 0x0000000705900000| Complete 
|  72|0x0000000705a00000, 0x0000000705b00000, 0x0000000705b00000|100%| O|  |TAMS 0x0000000705b00000, 0x0000000705a00000| Complete 
|  73|0x0000000705b00000, 0x0000000705c00000, 0x0000000705c00000|100%| O|  |TAMS 0x0000000705c00000, 0x0000000705b00000| Complete 
|  74|0x0000000705c00000, 0x0000000705d00000, 0x0000000705d00000|100%| O|  |TAMS 0x0000000705d00000, 0x0000000705c00000| Complete 
|  75|0x0000000705d00000, 0x0000000705e00000, 0x0000000705e00000|100%| O|  |TAMS 0x0000000705e00000, 0x0000000705d00000| Complete 
|  76|0x0000000705e00000, 0x0000000705f00000, 0x0000000705f00000|100%| O|  |TAMS 0x0000000705f00000, 0x0000000705e00000| Untracked 
|  77|0x0000000705f00000, 0x0000000706000000, 0x0000000706000000|100%| O|  |TAMS 0x0000000706000000, 0x0000000705f00000| Untracked 
|  78|0x0000000706000000, 0x0000000706100000, 0x0000000706100000|100%| O|  |TAMS 0x0000000706100000, 0x0000000706000000| Complete 
|  79|0x0000000706100000, 0x0000000706200000, 0x0000000706200000|100%| O|  |TAMS 0x0000000706200000, 0x0000000706100000| Complete 
|  80|0x0000000706200000, 0x0000000706300000, 0x0000000706300000|100%| O|  |TAMS 0x0000000706300000, 0x0000000706200000| Untracked 
|  81|0x0000000706300000, 0x0000000706400000, 0x0000000706400000|100%| O|  |TAMS 0x0000000706400000, 0x0000000706300000| Untracked 
|  82|0x0000000706400000, 0x0000000706500000, 0x0000000706500000|100%| O|  |TAMS 0x0000000706500000, 0x0000000706400000| Complete 
|  83|0x0000000706500000, 0x0000000706600000, 0x0000000706600000|100%| O|  |TAMS 0x0000000706600000, 0x0000000706500000| Complete 
|  84|0x0000000706600000, 0x0000000706700000, 0x0000000706700000|100%| O|  |TAMS 0x0000000706700000, 0x0000000706600000| Complete 
|  85|0x0000000706700000, 0x0000000706800000, 0x0000000706800000|100%| O|  |TAMS 0x0000000706800000, 0x0000000706700000| Complete 
|  86|0x0000000706800000, 0x0000000706900000, 0x0000000706900000|100%| O|  |TAMS 0x0000000706900000, 0x0000000706800000| Complete 
|  87|0x0000000706900000, 0x0000000706a00000, 0x0000000706a00000|100%| O|  |TAMS 0x0000000706a00000, 0x0000000706900000| Complete 
|  88|0x0000000706a00000, 0x0000000706b00000, 0x0000000706b00000|100%| O|  |TAMS 0x0000000706b00000, 0x0000000706a00000| Complete 
|  89|0x0000000706b00000, 0x0000000706c00000, 0x0000000706c00000|100%| O|  |TAMS 0x0000000706c00000, 0x0000000706b00000| Complete 
|  90|0x0000000706c00000, 0x0000000706d00000, 0x0000000706d00000|100%| O|  |TAMS 0x0000000706d00000, 0x0000000706c00000| Complete 
|  91|0x0000000706d00000, 0x0000000706e00000, 0x0000000706e00000|100%| O|  |TAMS 0x0000000706e00000, 0x0000000706d00000| Complete 
|  92|0x0000000706e00000, 0x0000000706f00000, 0x0000000706f00000|100%| O|  |TAMS 0x0000000706f00000, 0x0000000706e00000| Complete 
|  93|0x0000000706f00000, 0x0000000707000000, 0x0000000707000000|100%| O|  |TAMS 0x0000000707000000, 0x0000000706f00000| Complete 
|  94|0x0000000707000000, 0x0000000707100000, 0x0000000707100000|100%| O|  |TAMS 0x0000000707100000, 0x0000000707000000| Untracked 
|  95|0x0000000707100000, 0x0000000707200000, 0x0000000707200000|100%| O|  |TAMS 0x0000000707200000, 0x0000000707100000| Complete 
|  96|0x0000000707200000, 0x0000000707300000, 0x0000000707300000|100%| O|  |TAMS 0x0000000707300000, 0x0000000707200000| Complete 
|  97|0x0000000707300000, 0x0000000707400000, 0x0000000707400000|100%| O|  |TAMS 0x0000000707400000, 0x0000000707300000| Complete 
|  98|0x0000000707400000, 0x0000000707500000, 0x0000000707500000|100%| O|  |TAMS 0x0000000707500000, 0x0000000707400000| Complete 
|  99|0x0000000707500000, 0x0000000707600000, 0x0000000707600000|100%| O|  |TAMS 0x0000000707600000, 0x0000000707500000| Untracked 
| 100|0x0000000707600000, 0x0000000707700000, 0x0000000707700000|100%| O|  |TAMS 0x0000000707700000, 0x0000000707600000| Complete 
| 101|0x0000000707700000, 0x0000000707800000, 0x0000000707800000|100%| O|  |TAMS 0x0000000707800000, 0x0000000707700000| Complete 
| 102|0x0000000707800000, 0x0000000707900000, 0x0000000707900000|100%| O|  |TAMS 0x0000000707900000, 0x0000000707800000| Complete 
| 103|0x0000000707900000, 0x0000000707a00000, 0x0000000707a00000|100%| O|  |TAMS 0x0000000707a00000, 0x0000000707900000| Complete 
| 104|0x0000000707a00000, 0x0000000707b00000, 0x0000000707b00000|100%| O|  |TAMS 0x0000000707b00000, 0x0000000707a00000| Complete 
| 105|0x0000000707b00000, 0x0000000707c00000, 0x0000000707c00000|100%| O|  |TAMS 0x0000000707c00000, 0x0000000707b00000| Untracked 
| 106|0x0000000707c00000, 0x0000000707d00000, 0x0000000707d00000|100%| O|  |TAMS 0x0000000707d00000, 0x0000000707c00000| Untracked 
| 107|0x0000000707d00000, 0x0000000707e00000, 0x0000000707e00000|100%| O|  |TAMS 0x0000000707e00000, 0x0000000707d00000| Complete 
| 108|0x0000000707e00000, 0x0000000707f00000, 0x0000000707f00000|100%| O|  |TAMS 0x0000000707f00000, 0x0000000707e00000| Complete 
| 109|0x0000000707f00000, 0x0000000708000000, 0x0000000708000000|100%| O|  |TAMS 0x0000000708000000, 0x0000000707f00000| Complete 
| 110|0x0000000708000000, 0x0000000708100000, 0x0000000708100000|100%| O|  |TAMS 0x0000000708100000, 0x0000000708000000| Complete 
| 111|0x0000000708100000, 0x0000000708200000, 0x0000000708200000|100%| O|  |TAMS 0x0000000708200000, 0x0000000708100000| Complete 
| 112|0x0000000708200000, 0x0000000708300000, 0x0000000708300000|100%| O|  |TAMS 0x0000000708300000, 0x0000000708200000| Complete 
| 113|0x0000000708300000, 0x0000000708400000, 0x0000000708400000|100%| O|  |TAMS 0x0000000708400000, 0x0000000708300000| Complete 
| 114|0x0000000708400000, 0x0000000708500000, 0x0000000708500000|100%| O|  |TAMS 0x0000000708500000, 0x0000000708400000| Untracked 
| 115|0x0000000708500000, 0x0000000708600000, 0x0000000708600000|100%| O|  |TAMS 0x0000000708600000, 0x0000000708500000| Complete 
| 116|0x0000000708600000, 0x0000000708700000, 0x0000000708700000|100%| O|  |TAMS 0x0000000708700000, 0x0000000708600000| Complete 
| 117|0x0000000708700000, 0x0000000708800000, 0x0000000708800000|100%| O|  |TAMS 0x0000000708800000, 0x0000000708700000| Complete 
| 118|0x0000000708800000, 0x0000000708900000, 0x0000000708900000|100%| O|  |TAMS 0x0000000708900000, 0x0000000708800000| Complete 
| 119|0x0000000708900000, 0x0000000708a00000, 0x0000000708a00000|100%| O|  |TAMS 0x0000000708a00000, 0x0000000708900000| Complete 
| 120|0x0000000708a00000, 0x0000000708b00000, 0x0000000708b00000|100%| O|  |TAMS 0x0000000708b00000, 0x0000000708a00000| Complete 
| 121|0x0000000708b00000, 0x0000000708c00000, 0x0000000708c00000|100%| O|  |TAMS 0x0000000708c00000, 0x0000000708b00000| Complete 
| 122|0x0000000708c00000, 0x0000000708d00000, 0x0000000708d00000|100%| O|  |TAMS 0x0000000708d00000, 0x0000000708c00000| Complete 
| 123|0x0000000708d00000, 0x0000000708e00000, 0x0000000708e00000|100%| O|  |TAMS 0x0000000708e00000, 0x0000000708d00000| Complete 
| 124|0x0000000708e00000, 0x0000000708f00000, 0x0000000708f00000|100%| O|  |TAMS 0x0000000708f00000, 0x0000000708e00000| Complete 
| 125|0x0000000708f00000, 0x0000000709000000, 0x0000000709000000|100%| O|  |TAMS 0x0000000709000000, 0x0000000708f00000| Complete 
| 126|0x0000000709000000, 0x0000000709100000, 0x0000000709100000|100%| O|  |TAMS 0x0000000709100000, 0x0000000709000000| Complete 
| 127|0x0000000709100000, 0x0000000709200000, 0x0000000709200000|100%| O|  |TAMS 0x0000000709200000, 0x0000000709100000| Complete 
| 128|0x0000000709200000, 0x0000000709300000, 0x0000000709300000|100%| O|  |TAMS 0x0000000709300000, 0x0000000709200000| Untracked 
| 129|0x0000000709300000, 0x0000000709400000, 0x0000000709400000|100%| O|  |TAMS 0x0000000709400000, 0x0000000709300000| Untracked 
| 130|0x0000000709400000, 0x0000000709500000, 0x0000000709500000|100%| O|  |TAMS 0x0000000709500000, 0x0000000709400000| Untracked 
| 131|0x0000000709500000, 0x0000000709600000, 0x0000000709600000|100%| O|  |TAMS 0x0000000709600000, 0x0000000709500000| Untracked 
| 132|0x0000000709600000, 0x0000000709700000, 0x0000000709700000|100%| O|  |TAMS 0x0000000709700000, 0x0000000709600000| Untracked 
| 133|0x0000000709700000, 0x0000000709800000, 0x0000000709800000|100%| O|  |TAMS 0x0000000709800000, 0x0000000709700000| Untracked 
| 134|0x0000000709800000, 0x0000000709900000, 0x0000000709900000|100%| O|  |TAMS 0x0000000709900000, 0x0000000709800000| Untracked 
| 135|0x0000000709900000, 0x0000000709a00000, 0x0000000709a00000|100%| O|  |TAMS 0x0000000709a00000, 0x0000000709900000| Untracked 
| 136|0x0000000709a00000, 0x0000000709b00000, 0x0000000709b00000|100%| O|  |TAMS 0x0000000709b00000, 0x0000000709a00000| Untracked 
| 137|0x0000000709b00000, 0x0000000709c00000, 0x0000000709c00000|100%| O|  |TAMS 0x0000000709c00000, 0x0000000709b00000| Untracked 
| 138|0x0000000709c00000, 0x0000000709d00000, 0x0000000709d00000|100%| O|  |TAMS 0x0000000709d00000, 0x0000000709c00000| Complete 
| 139|0x0000000709d00000, 0x0000000709e00000, 0x0000000709e00000|100%| O|  |TAMS 0x0000000709e00000, 0x0000000709d00000| Complete 
| 140|0x0000000709e00000, 0x0000000709f00000, 0x0000000709f00000|100%| O|  |TAMS 0x0000000709f00000, 0x0000000709e00000| Complete 
| 141|0x0000000709f00000, 0x000000070a000000, 0x000000070a000000|100%| O|  |TAMS 0x000000070a000000, 0x0000000709f00000| Complete 
| 142|0x000000070a000000, 0x000000070a100000, 0x000000070a100000|100%| O|  |TAMS 0x000000070a100000, 0x000000070a000000| Untracked 
| 143|0x000000070a100000, 0x000000070a200000, 0x000000070a200000|100%| O|  |TAMS 0x000000070a200000, 0x000000070a100000| Untracked 
| 144|0x000000070a200000, 0x000000070a300000, 0x000000070a300000|100%| O|  |TAMS 0x000000070a300000, 0x000000070a200000| Untracked 
| 145|0x000000070a300000, 0x000000070a400000, 0x000000070a400000|100%| O|  |TAMS 0x000000070a400000, 0x000000070a300000| Untracked 
| 146|0x000000070a400000, 0x000000070a500000, 0x000000070a500000|100%| O|  |TAMS 0x000000070a500000, 0x000000070a400000| Untracked 
| 147|0x000000070a500000, 0x000000070a600000, 0x000000070a600000|100%| O|  |TAMS 0x000000070a600000, 0x000000070a500000| Untracked 
| 148|0x000000070a600000, 0x000000070a700000, 0x000000070a700000|100%| O|  |TAMS 0x000000070a700000, 0x000000070a600000| Untracked 
| 149|0x000000070a700000, 0x000000070a800000, 0x000000070a800000|100%| O|  |TAMS 0x000000070a800000, 0x000000070a700000| Untracked 
| 150|0x000000070a800000, 0x000000070a900000, 0x000000070a900000|100%| O|  |TAMS 0x000000070a900000, 0x000000070a800000| Complete 
| 151|0x000000070a900000, 0x000000070a980000, 0x000000070aa00000| 50%| O|  |TAMS 0x000000070a980000, 0x000000070a900000| Untracked 
| 152|0x000000070aa00000, 0x000000070aa00000, 0x000000070ab00000|  0%| F|  |TAMS 0x000000070aa00000, 0x000000070aa00000| Untracked 
| 153|0x000000070ab00000, 0x000000070ab00000, 0x000000070ac00000|  0%| F|  |TAMS 0x000000070ab00000, 0x000000070ab00000| Untracked 
| 154|0x000000070ac00000, 0x000000070ac00000, 0x000000070ad00000|  0%| F|  |TAMS 0x000000070ac00000, 0x000000070ac00000| Untracked 
| 155|0x000000070ad00000, 0x000000070ad00000, 0x000000070ae00000|  0%| F|  |TAMS 0x000000070ad00000, 0x000000070ad00000| Untracked 
| 156|0x000000070ae00000, 0x000000070ae00000, 0x000000070af00000|  0%| F|  |TAMS 0x000000070ae00000, 0x000000070ae00000| Untracked 
| 157|0x000000070af00000, 0x000000070af00000, 0x000000070b000000|  0%| F|  |TAMS 0x000000070af00000, 0x000000070af00000| Untracked 
| 158|0x000000070b000000, 0x000000070b000000, 0x000000070b100000|  0%| F|  |TAMS 0x000000070b000000, 0x000000070b000000| Untracked 
| 159|0x000000070b100000, 0x000000070b100000, 0x000000070b200000|  0%| F|  |TAMS 0x000000070b100000, 0x000000070b100000| Untracked 
| 160|0x000000070b200000, 0x000000070b200000, 0x000000070b300000|  0%| F|  |TAMS 0x000000070b200000, 0x000000070b200000| Untracked 
| 161|0x000000070b300000, 0x000000070b300000, 0x000000070b400000|  0%| F|  |TAMS 0x000000070b300000, 0x000000070b300000| Untracked 
| 162|0x000000070b400000, 0x000000070b400000, 0x000000070b500000|  0%| F|  |TAMS 0x000000070b400000, 0x000000070b400000| Untracked 
| 163|0x000000070b500000, 0x000000070b500000, 0x000000070b600000|  0%| F|  |TAMS 0x000000070b500000, 0x000000070b500000| Untracked 
| 164|0x000000070b600000, 0x000000070b600000, 0x000000070b700000|  0%| F|  |TAMS 0x000000070b600000, 0x000000070b600000| Untracked 
| 165|0x000000070b700000, 0x000000070b700000, 0x000000070b800000|  0%| F|  |TAMS 0x000000070b700000, 0x000000070b700000| Untracked 
| 166|0x000000070b800000, 0x000000070b800000, 0x000000070b900000|  0%| F|  |TAMS 0x000000070b800000, 0x000000070b800000| Untracked 
| 167|0x000000070b900000, 0x000000070b900000, 0x000000070ba00000|  0%| F|  |TAMS 0x000000070b900000, 0x000000070b900000| Untracked 
| 168|0x000000070ba00000, 0x000000070ba00000, 0x000000070bb00000|  0%| F|  |TAMS 0x000000070ba00000, 0x000000070ba00000| Untracked 
| 169|0x000000070bb00000, 0x000000070bb00000, 0x000000070bc00000|  0%| F|  |TAMS 0x000000070bb00000, 0x000000070bb00000| Untracked 
| 170|0x000000070bc00000, 0x000000070bc00000, 0x000000070bd00000|  0%| F|  |TAMS 0x000000070bc00000, 0x000000070bc00000| Untracked 
| 171|0x000000070bd00000, 0x000000070bd00000, 0x000000070be00000|  0%| F|  |TAMS 0x000000070bd00000, 0x000000070bd00000| Untracked 
| 172|0x000000070be00000, 0x000000070be00000, 0x000000070bf00000|  0%| F|  |TAMS 0x000000070be00000, 0x000000070be00000| Untracked 
| 173|0x000000070bf00000, 0x000000070bf00000, 0x000000070c000000|  0%| F|  |TAMS 0x000000070bf00000, 0x000000070bf00000| Untracked 
| 174|0x000000070c000000, 0x000000070c000000, 0x000000070c100000|  0%| F|  |TAMS 0x000000070c000000, 0x000000070c000000| Untracked 
| 175|0x000000070c100000, 0x000000070c100000, 0x000000070c200000|  0%| F|  |TAMS 0x000000070c100000, 0x000000070c100000| Untracked 
| 176|0x000000070c200000, 0x000000070c200000, 0x000000070c300000|  0%| F|  |TAMS 0x000000070c200000, 0x000000070c200000| Untracked 
| 177|0x000000070c300000, 0x000000070c300000, 0x000000070c400000|  0%| F|  |TAMS 0x000000070c300000, 0x000000070c300000| Untracked 
| 178|0x000000070c400000, 0x000000070c400000, 0x000000070c500000|  0%| F|  |TAMS 0x000000070c400000, 0x000000070c400000| Untracked 
| 179|0x000000070c500000, 0x000000070c500000, 0x000000070c600000|  0%| F|  |TAMS 0x000000070c500000, 0x000000070c500000| Untracked 
| 180|0x000000070c600000, 0x000000070c600000, 0x000000070c700000|  0%| F|  |TAMS 0x000000070c600000, 0x000000070c600000| Untracked 
| 181|0x000000070c700000, 0x000000070c700000, 0x000000070c800000|  0%| F|  |TAMS 0x000000070c700000, 0x000000070c700000| Untracked 
| 182|0x000000070c800000, 0x000000070c800000, 0x000000070c900000|  0%| F|  |TAMS 0x000000070c800000, 0x000000070c800000| Untracked 
| 183|0x000000070c900000, 0x000000070c900000, 0x000000070ca00000|  0%| F|  |TAMS 0x000000070c900000, 0x000000070c900000| Untracked 
| 184|0x000000070ca00000, 0x000000070ca00000, 0x000000070cb00000|  0%| F|  |TAMS 0x000000070ca00000, 0x000000070ca00000| Untracked 
| 185|0x000000070cb00000, 0x000000070cb00000, 0x000000070cc00000|  0%| F|  |TAMS 0x000000070cb00000, 0x000000070cb00000| Untracked 
| 186|0x000000070cc00000, 0x000000070cc00000, 0x000000070cd00000|  0%| F|  |TAMS 0x000000070cc00000, 0x000000070cc00000| Untracked 
| 187|0x000000070cd00000, 0x000000070cd00000, 0x000000070ce00000|  0%| F|  |TAMS 0x000000070cd00000, 0x000000070cd00000| Untracked 
| 188|0x000000070ce00000, 0x000000070ce00000, 0x000000070cf00000|  0%| F|  |TAMS 0x000000070ce00000, 0x000000070ce00000| Untracked 
| 189|0x000000070cf00000, 0x000000070cf00000, 0x000000070d000000|  0%| F|  |TAMS 0x000000070cf00000, 0x000000070cf00000| Untracked 
| 190|0x000000070d000000, 0x000000070d000000, 0x000000070d100000|  0%| F|  |TAMS 0x000000070d000000, 0x000000070d000000| Untracked 
| 191|0x000000070d100000, 0x000000070d100000, 0x000000070d200000|  0%| F|  |TAMS 0x000000070d100000, 0x000000070d100000| Untracked 
| 192|0x000000070d200000, 0x000000070d200000, 0x000000070d300000|  0%| F|  |TAMS 0x000000070d200000, 0x000000070d200000| Untracked 
| 193|0x000000070d300000, 0x000000070d300000, 0x000000070d400000|  0%| F|  |TAMS 0x000000070d300000, 0x000000070d300000| Untracked 
| 194|0x000000070d400000, 0x000000070d400000, 0x000000070d500000|  0%| F|  |TAMS 0x000000070d400000, 0x000000070d400000| Untracked 
| 195|0x000000070d500000, 0x000000070d500000, 0x000000070d600000|  0%| F|  |TAMS 0x000000070d500000, 0x000000070d500000| Untracked 
| 196|0x000000070d600000, 0x000000070d600000, 0x000000070d700000|  0%| F|  |TAMS 0x000000070d600000, 0x000000070d600000| Untracked 
| 197|0x000000070d700000, 0x000000070d700000, 0x000000070d800000|  0%| F|  |TAMS 0x000000070d700000, 0x000000070d700000| Untracked 
| 198|0x000000070d800000, 0x000000070d800000, 0x000000070d900000|  0%| F|  |TAMS 0x000000070d800000, 0x000000070d800000| Untracked 
| 199|0x000000070d900000, 0x000000070d900000, 0x000000070da00000|  0%| F|  |TAMS 0x000000070d900000, 0x000000070d900000| Untracked 
| 200|0x000000070da00000, 0x000000070da00000, 0x000000070db00000|  0%| F|  |TAMS 0x000000070da00000, 0x000000070da00000| Untracked 
| 201|0x000000070db00000, 0x000000070db00000, 0x000000070dc00000|  0%| F|  |TAMS 0x000000070db00000, 0x000000070db00000| Untracked 
| 202|0x000000070dc00000, 0x000000070dc00000, 0x000000070dd00000|  0%| F|  |TAMS 0x000000070dc00000, 0x000000070dc00000| Untracked 
| 203|0x000000070dd00000, 0x000000070dd00000, 0x000000070de00000|  0%| F|  |TAMS 0x000000070dd00000, 0x000000070dd00000| Untracked 
| 204|0x000000070de00000, 0x000000070de80000, 0x000000070df00000| 50%| S|CS|TAMS 0x000000070de00000, 0x000000070de00000| Complete 
| 205|0x000000070df00000, 0x000000070e000000, 0x000000070e000000|100%| S|CS|TAMS 0x000000070df00000, 0x000000070df00000| Complete 
| 206|0x000000070e000000, 0x000000070e100000, 0x000000070e100000|100%| S|CS|TAMS 0x000000070e000000, 0x000000070e000000| Complete 
| 207|0x000000070e100000, 0x000000070e200000, 0x000000070e200000|100%| S|CS|TAMS 0x000000070e100000, 0x000000070e100000| Complete 
| 208|0x000000070e200000, 0x000000070e300000, 0x000000070e300000|100%| S|CS|TAMS 0x000000070e200000, 0x000000070e200000| Complete 
| 209|0x000000070e300000, 0x000000070e400000, 0x000000070e400000|100%| S|CS|TAMS 0x000000070e300000, 0x000000070e300000| Complete 
| 210|0x000000070e400000, 0x000000070e500000, 0x000000070e500000|100%| S|CS|TAMS 0x000000070e400000, 0x000000070e400000| Complete 
| 211|0x000000070e500000, 0x000000070e500000, 0x000000070e600000|  0%| F|  |TAMS 0x000000070e500000, 0x000000070e500000| Untracked 
| 212|0x000000070e600000, 0x000000070e600000, 0x000000070e700000|  0%| F|  |TAMS 0x000000070e600000, 0x000000070e600000| Untracked 
| 213|0x000000070e700000, 0x000000070e700000, 0x000000070e800000|  0%| F|  |TAMS 0x000000070e700000, 0x000000070e700000| Untracked 
| 214|0x000000070e800000, 0x000000070e800000, 0x000000070e900000|  0%| F|  |TAMS 0x000000070e800000, 0x000000070e800000| Untracked 
| 215|0x000000070e900000, 0x000000070e900000, 0x000000070ea00000|  0%| F|  |TAMS 0x000000070e900000, 0x000000070e900000| Untracked 
| 216|0x000000070ea00000, 0x000000070ea00000, 0x000000070eb00000|  0%| F|  |TAMS 0x000000070ea00000, 0x000000070ea00000| Untracked 
| 217|0x000000070eb00000, 0x000000070eb00000, 0x000000070ec00000|  0%| F|  |TAMS 0x000000070eb00000, 0x000000070eb00000| Untracked 
| 218|0x000000070ec00000, 0x000000070ec00000, 0x000000070ed00000|  0%| F|  |TAMS 0x000000070ec00000, 0x000000070ec00000| Untracked 
| 219|0x000000070ed00000, 0x000000070ed00000, 0x000000070ee00000|  0%| F|  |TAMS 0x000000070ed00000, 0x000000070ed00000| Untracked 
| 220|0x000000070ee00000, 0x000000070ee00000, 0x000000070ef00000|  0%| F|  |TAMS 0x000000070ee00000, 0x000000070ee00000| Untracked 
| 221|0x000000070ef00000, 0x000000070ef00000, 0x000000070f000000|  0%| F|  |TAMS 0x000000070ef00000, 0x000000070ef00000| Untracked 
| 222|0x000000070f000000, 0x000000070f000000, 0x000000070f100000|  0%| F|  |TAMS 0x000000070f000000, 0x000000070f000000| Untracked 
| 223|0x000000070f100000, 0x000000070f100000, 0x000000070f200000|  0%| F|  |TAMS 0x000000070f100000, 0x000000070f100000| Untracked 
| 224|0x000000070f200000, 0x000000070f200000, 0x000000070f300000|  0%| F|  |TAMS 0x000000070f200000, 0x000000070f200000| Untracked 
| 225|0x000000070f300000, 0x000000070f300000, 0x000000070f400000|  0%| F|  |TAMS 0x000000070f300000, 0x000000070f300000| Untracked 
| 226|0x000000070f400000, 0x000000070f400000, 0x000000070f500000|  0%| F|  |TAMS 0x000000070f400000, 0x000000070f400000| Untracked 
| 227|0x000000070f500000, 0x000000070f600000, 0x000000070f600000|100%| E|  |TAMS 0x000000070f500000, 0x000000070f500000| Complete 
| 228|0x000000070f600000, 0x000000070f700000, 0x000000070f700000|100%| E|CS|TAMS 0x000000070f600000, 0x000000070f600000| Complete 
| 229|0x000000070f700000, 0x000000070f800000, 0x000000070f800000|100%| E|CS|TAMS 0x000000070f700000, 0x000000070f700000| Complete 
| 230|0x000000070f800000, 0x000000070f900000, 0x000000070f900000|100%| E|CS|TAMS 0x000000070f800000, 0x000000070f800000| Complete 
| 231|0x000000070f900000, 0x000000070fa00000, 0x000000070fa00000|100%| E|CS|TAMS 0x000000070f900000, 0x000000070f900000| Complete 
| 232|0x000000070fa00000, 0x000000070fb00000, 0x000000070fb00000|100%| E|CS|TAMS 0x000000070fa00000, 0x000000070fa00000| Complete 
| 233|0x000000070fb00000, 0x000000070fc00000, 0x000000070fc00000|100%| E|CS|TAMS 0x000000070fb00000, 0x000000070fb00000| Complete 
| 234|0x000000070fc00000, 0x000000070fd00000, 0x000000070fd00000|100%| E|CS|TAMS 0x000000070fc00000, 0x000000070fc00000| Complete 
| 235|0x000000070fd00000, 0x000000070fe00000, 0x000000070fe00000|100%| E|CS|TAMS 0x000000070fd00000, 0x000000070fd00000| Complete 
| 236|0x000000070fe00000, 0x000000070ff00000, 0x000000070ff00000|100%| E|CS|TAMS 0x000000070fe00000, 0x000000070fe00000| Complete 
| 237|0x000000070ff00000, 0x0000000710000000, 0x0000000710000000|100%| E|CS|TAMS 0x000000070ff00000, 0x000000070ff00000| Complete 
| 238|0x0000000710000000, 0x0000000710100000, 0x0000000710100000|100%| E|CS|TAMS 0x0000000710000000, 0x0000000710000000| Complete 
| 239|0x0000000710100000, 0x0000000710200000, 0x0000000710200000|100%| E|CS|TAMS 0x0000000710100000, 0x0000000710100000| Complete 
| 240|0x0000000710200000, 0x0000000710300000, 0x0000000710300000|100%| E|CS|TAMS 0x0000000710200000, 0x0000000710200000| Complete 
| 241|0x0000000710300000, 0x0000000710400000, 0x0000000710400000|100%| E|CS|TAMS 0x0000000710300000, 0x0000000710300000| Complete 
| 242|0x0000000710400000, 0x0000000710500000, 0x0000000710500000|100%| E|CS|TAMS 0x0000000710400000, 0x0000000710400000| Complete 
| 243|0x0000000710500000, 0x0000000710600000, 0x0000000710600000|100%| E|CS|TAMS 0x0000000710500000, 0x0000000710500000| Complete 
| 244|0x0000000710600000, 0x0000000710700000, 0x0000000710700000|100%| E|CS|TAMS 0x0000000710600000, 0x0000000710600000| Complete 
| 245|0x0000000710700000, 0x0000000710800000, 0x0000000710800000|100%| E|CS|TAMS 0x0000000710700000, 0x0000000710700000| Complete 
| 246|0x0000000710800000, 0x0000000710900000, 0x0000000710900000|100%| E|CS|TAMS 0x0000000710800000, 0x0000000710800000| Complete 
| 247|0x0000000710900000, 0x0000000710a00000, 0x0000000710a00000|100%| E|CS|TAMS 0x0000000710900000, 0x0000000710900000| Complete 
| 248|0x0000000710a00000, 0x0000000710b00000, 0x0000000710b00000|100%| E|CS|TAMS 0x0000000710a00000, 0x0000000710a00000| Complete 
| 249|0x0000000710b00000, 0x0000000710c00000, 0x0000000710c00000|100%| E|CS|TAMS 0x0000000710b00000, 0x0000000710b00000| Complete 
| 250|0x0000000710c00000, 0x0000000710d00000, 0x0000000710d00000|100%| E|CS|TAMS 0x0000000710c00000, 0x0000000710c00000| Complete 
| 251|0x0000000710d00000, 0x0000000710e00000, 0x0000000710e00000|100%| E|CS|TAMS 0x0000000710d00000, 0x0000000710d00000| Complete 
| 252|0x0000000710e00000, 0x0000000710f00000, 0x0000000710f00000|100%| E|CS|TAMS 0x0000000710e00000, 0x0000000710e00000| Complete 
| 253|0x0000000710f00000, 0x0000000711000000, 0x0000000711000000|100%| E|CS|TAMS 0x0000000710f00000, 0x0000000710f00000| Complete 
| 254|0x0000000711000000, 0x0000000711100000, 0x0000000711100000|100%| E|CS|TAMS 0x0000000711000000, 0x0000000711000000| Complete 
| 255|0x0000000711100000, 0x0000000711200000, 0x0000000711200000|100%| E|CS|TAMS 0x0000000711100000, 0x0000000711100000| Complete 
| 256|0x0000000711200000, 0x0000000711300000, 0x0000000711300000|100%| E|CS|TAMS 0x0000000711200000, 0x0000000711200000| Complete 
| 257|0x0000000711300000, 0x0000000711400000, 0x0000000711400000|100%| E|CS|TAMS 0x0000000711300000, 0x0000000711300000| Complete 
| 258|0x0000000711400000, 0x0000000711500000, 0x0000000711500000|100%| E|CS|TAMS 0x0000000711400000, 0x0000000711400000| Complete 
| 259|0x0000000711500000, 0x0000000711600000, 0x0000000711600000|100%| E|CS|TAMS 0x0000000711500000, 0x0000000711500000| Complete 
| 260|0x0000000711600000, 0x0000000711700000, 0x0000000711700000|100%| E|CS|TAMS 0x0000000711600000, 0x0000000711600000| Complete 
| 261|0x0000000711700000, 0x0000000711800000, 0x0000000711800000|100%| E|CS|TAMS 0x0000000711700000, 0x0000000711700000| Complete 
| 262|0x0000000711800000, 0x0000000711900000, 0x0000000711900000|100%| E|CS|TAMS 0x0000000711800000, 0x0000000711800000| Complete 
| 263|0x0000000711900000, 0x0000000711a00000, 0x0000000711a00000|100%| E|CS|TAMS 0x0000000711900000, 0x0000000711900000| Complete 
| 264|0x0000000711a00000, 0x0000000711b00000, 0x0000000711b00000|100%| E|CS|TAMS 0x0000000711a00000, 0x0000000711a00000| Complete 
| 265|0x0000000711b00000, 0x0000000711c00000, 0x0000000711c00000|100%| E|CS|TAMS 0x0000000711b00000, 0x0000000711b00000| Complete 
| 266|0x0000000711c00000, 0x0000000711d00000, 0x0000000711d00000|100%| E|CS|TAMS 0x0000000711c00000, 0x0000000711c00000| Complete 
| 267|0x0000000711d00000, 0x0000000711e00000, 0x0000000711e00000|100%| E|CS|TAMS 0x0000000711d00000, 0x0000000711d00000| Complete 
| 268|0x0000000711e00000, 0x0000000711f00000, 0x0000000711f00000|100%| E|CS|TAMS 0x0000000711e00000, 0x0000000711e00000| Complete 
| 269|0x0000000711f00000, 0x0000000712000000, 0x0000000712000000|100%| E|CS|TAMS 0x0000000711f00000, 0x0000000711f00000| Complete 
| 270|0x0000000712000000, 0x0000000712100000, 0x0000000712100000|100%| E|CS|TAMS 0x0000000712000000, 0x0000000712000000| Complete 
| 271|0x0000000712100000, 0x0000000712200000, 0x0000000712200000|100%| E|CS|TAMS 0x0000000712100000, 0x0000000712100000| Complete 
| 272|0x0000000712200000, 0x0000000712300000, 0x0000000712300000|100%| E|CS|TAMS 0x0000000712200000, 0x0000000712200000| Complete 
| 273|0x0000000712300000, 0x0000000712400000, 0x0000000712400000|100%| E|CS|TAMS 0x0000000712300000, 0x0000000712300000| Complete 
| 274|0x0000000712400000, 0x0000000712500000, 0x0000000712500000|100%| E|CS|TAMS 0x0000000712400000, 0x0000000712400000| Complete 
| 275|0x0000000712500000, 0x0000000712600000, 0x0000000712600000|100%| E|CS|TAMS 0x0000000712500000, 0x0000000712500000| Complete 
| 276|0x0000000712600000, 0x0000000712700000, 0x0000000712700000|100%| E|CS|TAMS 0x0000000712600000, 0x0000000712600000| Complete 
| 277|0x0000000712700000, 0x0000000712800000, 0x0000000712800000|100%| E|CS|TAMS 0x0000000712700000, 0x0000000712700000| Complete 
| 278|0x0000000712800000, 0x0000000712900000, 0x0000000712900000|100%| E|CS|TAMS 0x0000000712800000, 0x0000000712800000| Complete 
| 279|0x0000000712900000, 0x0000000712a00000, 0x0000000712a00000|100%| E|CS|TAMS 0x0000000712900000, 0x0000000712900000| Complete 
| 280|0x0000000712a00000, 0x0000000712b00000, 0x0000000712b00000|100%| E|CS|TAMS 0x0000000712a00000, 0x0000000712a00000| Complete 
| 281|0x0000000712b00000, 0x0000000712c00000, 0x0000000712c00000|100%| E|CS|TAMS 0x0000000712b00000, 0x0000000712b00000| Complete 
| 282|0x0000000712c00000, 0x0000000712d00000, 0x0000000712d00000|100%| E|CS|TAMS 0x0000000712c00000, 0x0000000712c00000| Complete 
| 283|0x0000000712d00000, 0x0000000712e00000, 0x0000000712e00000|100%| E|CS|TAMS 0x0000000712d00000, 0x0000000712d00000| Complete 
| 284|0x0000000712e00000, 0x0000000712f00000, 0x0000000712f00000|100%| E|CS|TAMS 0x0000000712e00000, 0x0000000712e00000| Complete 
| 285|0x0000000712f00000, 0x0000000713000000, 0x0000000713000000|100%| E|CS|TAMS 0x0000000712f00000, 0x0000000712f00000| Complete 
| 286|0x0000000713000000, 0x0000000713100000, 0x0000000713100000|100%| E|CS|TAMS 0x0000000713000000, 0x0000000713000000| Complete 
| 287|0x0000000713100000, 0x0000000713200000, 0x0000000713200000|100%| E|CS|TAMS 0x0000000713100000, 0x0000000713100000| Complete 
| 288|0x0000000713200000, 0x0000000713300000, 0x0000000713300000|100%| E|CS|TAMS 0x0000000713200000, 0x0000000713200000| Complete 
| 289|0x0000000713300000, 0x0000000713400000, 0x0000000713400000|100%| E|CS|TAMS 0x0000000713300000, 0x0000000713300000| Complete 
| 290|0x0000000713400000, 0x0000000713500000, 0x0000000713500000|100%| E|CS|TAMS 0x0000000713400000, 0x0000000713400000| Complete 
| 291|0x0000000713500000, 0x0000000713600000, 0x0000000713600000|100%| E|CS|TAMS 0x0000000713500000, 0x0000000713500000| Complete 
| 292|0x0000000713600000, 0x0000000713700000, 0x0000000713700000|100%| E|CS|TAMS 0x0000000713600000, 0x0000000713600000| Complete 
| 293|0x0000000713700000, 0x0000000713800000, 0x0000000713800000|100%| E|CS|TAMS 0x0000000713700000, 0x0000000713700000| Complete 
| 294|0x0000000713800000, 0x0000000713900000, 0x0000000713900000|100%| E|CS|TAMS 0x0000000713800000, 0x0000000713800000| Complete 
| 295|0x0000000713900000, 0x0000000713a00000, 0x0000000713a00000|100%| E|CS|TAMS 0x0000000713900000, 0x0000000713900000| Complete 
| 296|0x0000000713a00000, 0x0000000713b00000, 0x0000000713b00000|100%| E|CS|TAMS 0x0000000713a00000, 0x0000000713a00000| Complete 
| 297|0x0000000713b00000, 0x0000000713c00000, 0x0000000713c00000|100%| E|CS|TAMS 0x0000000713b00000, 0x0000000713b00000| Complete 
| 298|0x0000000713c00000, 0x0000000713d00000, 0x0000000713d00000|100%| E|CS|TAMS 0x0000000713c00000, 0x0000000713c00000| Complete 
| 299|0x0000000713d00000, 0x0000000713e00000, 0x0000000713e00000|100%| E|CS|TAMS 0x0000000713d00000, 0x0000000713d00000| Complete 
| 300|0x0000000713e00000, 0x0000000713f00000, 0x0000000713f00000|100%| E|CS|TAMS 0x0000000713e00000, 0x0000000713e00000| Complete 
| 301|0x0000000713f00000, 0x0000000714000000, 0x0000000714000000|100%| E|CS|TAMS 0x0000000713f00000, 0x0000000713f00000| Complete 
| 302|0x0000000714000000, 0x0000000714100000, 0x0000000714100000|100%| E|CS|TAMS 0x0000000714000000, 0x0000000714000000| Complete 
| 303|0x0000000714100000, 0x0000000714200000, 0x0000000714200000|100%| E|CS|TAMS 0x0000000714100000, 0x0000000714100000| Complete 
| 304|0x0000000714200000, 0x0000000714300000, 0x0000000714300000|100%| E|CS|TAMS 0x0000000714200000, 0x0000000714200000| Complete 
| 305|0x0000000714300000, 0x0000000714400000, 0x0000000714400000|100%| E|CS|TAMS 0x0000000714300000, 0x0000000714300000| Complete 
| 306|0x0000000714400000, 0x0000000714500000, 0x0000000714500000|100%| E|CS|TAMS 0x0000000714400000, 0x0000000714400000| Complete 
| 307|0x0000000714500000, 0x0000000714600000, 0x0000000714600000|100%| E|CS|TAMS 0x0000000714500000, 0x0000000714500000| Complete 

Card table byte_map: [0x00000267fb710000,0x00000267fbf10000] _byte_map_base: 0x00000267f7f07000

Marking Bits (Prev, Next): (CMBitMap*) 0x00000267e1a1cc78, (CMBitMap*) 0x00000267e1a1ccb0
 Prev Bits: [0x0000026780000000, 0x0000026783fb8000)
 Next Bits: [0x0000026783fc0000, 0x0000026787f78000)

Polling page: 0x00000267e17a0000

Metaspace:

Usage:
  Non-class:     86.99 MB capacity,    86.09 MB ( 99%) used,   738.73 KB ( <1%) free+waste,   181.81 KB ( <1%) overhead. 
      Class:     10.10 MB capacity,     9.64 MB ( 95%) used,   398.15 KB (  4%) free+waste,    73.00 KB ( <1%) overhead. 
       Both:     97.09 MB capacity,    95.73 MB ( 99%) used,     1.11 MB (  1%) free+waste,   254.81 KB ( <1%) overhead. 

Virtual space:
  Non-class space:       88.00 MB reserved,      87.00 MB ( 99%) committed 
      Class space:        1.00 GB reserved,      10.13 MB ( <1%) committed 
             Both:        1.09 GB reserved,      97.13 MB (  9%) committed 

Chunk freelists:
   Non-Class:  11.00 KB
       Class:  28.00 KB
        Both:  39.00 KB

MaxMetaspaceSize: 17179869184.00 GB
CompressedClassSpaceSize: 1.00 GB
Initial GC threshold: 20.80 MB
Current GC threshold: 153.75 MB
CDS: off

CodeHeap 'non-profiled nmethods': size=120064Kb used=16163Kb max_used=16348Kb free=103900Kb
 bounds [0x00000267f33b0000, 0x00000267f43b0000, 0x00000267fa8f0000]
CodeHeap 'profiled nmethods': size=120000Kb used=67790Kb max_used=69837Kb free=52209Kb
 bounds [0x00000267ebe80000, 0x00000267f02c0000, 0x00000267f33b0000]
CodeHeap 'non-nmethods': size=5696Kb used=1418Kb max_used=1467Kb free=4277Kb
 bounds [0x00000267eb8f0000, 0x00000267ebb60000, 0x00000267ebe80000]
 total_blobs=21203 nmethods=20488 adapters=623
 compilation: enabled
              stopped_count=0, restarted_count=0
 full_count=0

Compilation events (20 events):
Event: 52.175 Thread 0x00000267ff6ea800 25034       3       org.jetbrains.kotlin.codegen.optimization.common.ControlFlowGraph$Builder::enqueue (36 bytes)
Event: 52.175 Thread 0x00000267ff6ea800 nmethod 25034 0x00000267ec55e210 code [0x00000267ec55e3c0, 0x00000267ec55e578]
Event: 52.175 Thread 0x00000267ff6ea800 25035       3       java.util.BitSet::or (105 bytes)
Event: 52.176 Thread 0x00000267ff6ea800 nmethod 25035 0x00000267ec097a90 code [0x00000267ec097ca0, 0x00000267ec0981a8]
Event: 52.176 Thread 0x00000267ff6ea800 25036       3       org.jetbrains.kotlin.codegen.optimization.fixStack.FixStackContext::<init> (532 bytes)
Event: 52.179 Thread 0x00000267ff6ea800 nmethod 25036 0x00000267edc1f710 code [0x00000267edc200a0, 0x00000267edc25fa8]
Event: 52.182 Thread 0x00000267ff6ea800 25037       3       org.jetbrains.kotlin.codegen.optimization.transformer.CompositeMethodTransformer::transform (72 bytes)
Event: 52.183 Thread 0x00000267ff6ea800 nmethod 25037 0x00000267ec505710 code [0x00000267ec505a20, 0x00000267ec506a98]
Event: 52.184 Thread 0x00000267ff6ea800 25039       3       org.jetbrains.org.objectweb.asm.MethodWriter::endCurrentBasicBlockWithNoSuccessor (94 bytes)
Event: 52.184 Thread 0x00000267ff6ea800 nmethod 25039 0x00000267ec8e6790 code [0x00000267ec8e69a0, 0x00000267ec8e7048]
Event: 52.185 Thread 0x00000267ff6ea800 25040       3       org.jetbrains.kotlin.codegen.optimization.transformer.CompositeMethodTransformer::<init> (15 bytes)
Event: 52.186 Thread 0x00000267ff6ea800 nmethod 25040 0x00000267ee265a90 code [0x00000267ee265e20, 0x00000267ee2672c8]
Event: 52.189 Thread 0x00000267ff6ea800 25041       3       org.jetbrains.kotlin.load.java.JvmAbi::getterName (48 bytes)
Event: 52.189 Thread 0x00000267ff6ea800 nmethod 25041 0x00000267ed80ec90 code [0x00000267ed80ef80, 0x00000267ed80fc48]
Event: 52.190 Thread 0x00000267ff6ea800 25042       3       org.jetbrains.kotlin.codegen.state.TypeMappingUtil::suppressWildcardsMode (68 bytes)
Event: 52.190 Thread 0x00000267ff6ea800 nmethod 25042 0x00000267ed644790 code [0x00000267ed6449a0, 0x00000267ed645038]
Event: 52.191 Thread 0x00000267ff6ea800 25043       3       org.jetbrains.org.objectweb.asm.commons.InstructionAdapter::areturn (15 bytes)
Event: 52.191 Thread 0x00000267ff6ea800 nmethod 25043 0x00000267ec6c4a90 code [0x00000267ec6c4c60, 0x00000267ec6c4e78]
Event: 52.195 Thread 0x00000267ff6ea800 25044       3       org.jetbrains.org.objectweb.asm.tree.AnnotationNode::<init> (25 bytes)
Event: 52.196 Thread 0x00000267ff6ea800 nmethod 25044 0x00000267ede01990 code [0x00000267ede01b80, 0x00000267ede01f58]

GC Heap History (20 events):
Event: 12.073 GC heap before
{Heap before GC invocations=10 (full 0):
 garbage-first heap   total 315392K, used 137867K [0x0000000701200000, 0x0000000800000000)
  region size 1024K, 96 young (98304K), 12 survivors (12288K)
 Metaspace       used 61286K, capacity 62082K, committed 62336K, reserved 1103872K
  class space    used 6892K, capacity 7214K, committed 7296K, reserved 1048576K
}
Event: 12.096 GC heap after
{Heap after GC invocations=11 (full 0):
 garbage-first heap   total 315392K, used 65903K [0x0000000701200000, 0x0000000800000000)
  region size 1024K, 12 young (12288K), 12 survivors (12288K)
 Metaspace       used 61286K, capacity 62082K, committed 62336K, reserved 1103872K
  class space    used 6892K, capacity 7214K, committed 7296K, reserved 1048576K
}
Event: 19.079 GC heap before
{Heap before GC invocations=11 (full 0):
 garbage-first heap   total 315392K, used 217455K [0x0000000701200000, 0x0000000800000000)
  region size 1024K, 158 young (161792K), 12 survivors (12288K)
 Metaspace       used 69997K, capacity 71196K, committed 71296K, reserved 1112064K
  class space    used 7601K, capacity 8059K, committed 8064K, reserved 1048576K
}
Event: 19.102 GC heap after
{Heap after GC invocations=12 (full 0):
 garbage-first heap   total 315392K, used 82432K [0x0000000701200000, 0x0000000800000000)
  region size 1024K, 14 young (14336K), 14 survivors (14336K)
 Metaspace       used 69997K, capacity 71196K, committed 71296K, reserved 1112064K
  class space    used 7601K, capacity 8059K, committed 8064K, reserved 1048576K
}
Event: 26.022 GC heap before
{Heap before GC invocations=12 (full 0):
 garbage-first heap   total 315392K, used 226816K [0x0000000701200000, 0x0000000800000000)
  region size 1024K, 155 young (158720K), 14 survivors (14336K)
 Metaspace       used 71793K, capacity 73041K, committed 73216K, reserved 1114112K
  class space    used 7721K, capacity 8173K, committed 8192K, reserved 1048576K
}
Event: 26.046 GC heap after
{Heap after GC invocations=13 (full 0):
 garbage-first heap   total 315392K, used 95232K [0x0000000701200000, 0x0000000800000000)
  region size 1024K, 13 young (13312K), 13 survivors (13312K)
 Metaspace       used 71793K, capacity 73041K, committed 73216K, reserved 1114112K
  class space    used 7721K, capacity 8173K, committed 8192K, reserved 1048576K
}
Event: 32.876 GC heap before
{Heap before GC invocations=13 (full 0):
 garbage-first heap   total 315392K, used 236544K [0x0000000701200000, 0x0000000800000000)
  region size 1024K, 150 young (153600K), 13 survivors (13312K)
 Metaspace       used 72995K, capacity 74262K, committed 74624K, reserved 1116160K
  class space    used 7761K, capacity 8211K, committed 8320K, reserved 1048576K
}
Event: 32.898 GC heap after
{Heap after GC invocations=14 (full 0):
 garbage-first heap   total 315392K, used 107520K [0x0000000701200000, 0x0000000800000000)
  region size 1024K, 13 young (13312K), 13 survivors (13312K)
 Metaspace       used 72995K, capacity 74262K, committed 74624K, reserved 1116160K
  class space    used 7761K, capacity 8211K, committed 8320K, reserved 1048576K
}
Event: 37.147 GC heap before
{Heap before GC invocations=14 (full 0):
 garbage-first heap   total 315392K, used 242688K [0x0000000701200000, 0x0000000800000000)
  region size 1024K, 145 young (148480K), 13 survivors (13312K)
 Metaspace       used 74079K, capacity 75307K, committed 75520K, reserved 1116160K
  class space    used 7891K, capacity 8345K, committed 8448K, reserved 1048576K
}
Event: 37.176 GC heap after
{Heap after GC invocations=15 (full 0):
 garbage-first heap   total 315392K, used 117248K [0x0000000701200000, 0x0000000800000000)
  region size 1024K, 10 young (10240K), 10 survivors (10240K)
 Metaspace       used 74079K, capacity 75307K, committed 75520K, reserved 1116160K
  class space    used 7891K, capacity 8345K, committed 8448K, reserved 1048576K
}
Event: 41.555 GC heap before
{Heap before GC invocations=15 (full 0):
 garbage-first heap   total 315392K, used 248320K [0x0000000701200000, 0x0000000800000000)
  region size 1024K, 138 young (141312K), 10 survivors (10240K)
 Metaspace       used 74620K, capacity 75892K, committed 76032K, reserved 1116160K
  class space    used 7908K, capacity 8382K, committed 8448K, reserved 1048576K
}
Event: 41.578 GC heap after
{Heap after GC invocations=16 (full 0):
 garbage-first heap   total 315392K, used 125911K [0x0000000701200000, 0x0000000800000000)
  region size 1024K, 18 young (18432K), 18 survivors (18432K)
 Metaspace       used 74620K, capacity 75892K, committed 76032K, reserved 1116160K
  class space    used 7908K, capacity 8382K, committed 8448K, reserved 1048576K
}
Event: 43.276 GC heap before
{Heap before GC invocations=16 (full 0):
 garbage-first heap   total 315392K, used 252887K [0x0000000701200000, 0x0000000800000000)
  region size 1024K, 142 young (145408K), 18 survivors (18432K)
 Metaspace       used 75288K, capacity 76570K, committed 76800K, reserved 1118208K
  class space    used 7946K, capacity 8416K, committed 8448K, reserved 1048576K
}
Event: 43.300 GC heap after
{Heap after GC invocations=17 (full 0):
 garbage-first heap   total 315392K, used 129784K [0x0000000701200000, 0x0000000800000000)
  region size 1024K, 13 young (13312K), 13 survivors (13312K)
 Metaspace       used 75288K, capacity 76570K, committed 76800K, reserved 1118208K
  class space    used 7946K, capacity 8416K, committed 8448K, reserved 1048576K
}
Event: 47.220 GC heap before
{Heap before GC invocations=17 (full 0):
 garbage-first heap   total 315392K, used 256760K [0x0000000701200000, 0x0000000800000000)
  region size 1024K, 137 young (140288K), 13 survivors (13312K)
 Metaspace       used 82003K, capacity 83303K, committed 83584K, reserved 1124352K
  class space    used 8512K, capacity 8981K, committed 9088K, reserved 1048576K
}
Event: 47.247 GC heap after
{Heap after GC invocations=18 (full 0):
 garbage-first heap   total 315392K, used 144750K [0x0000000701200000, 0x0000000800000000)
  region size 1024K, 18 young (18432K), 18 survivors (18432K)
 Metaspace       used 82003K, capacity 83303K, committed 83584K, reserved 1124352K
  class space    used 8512K, capacity 8981K, committed 9088K, reserved 1048576K
}
Event: 49.449 GC heap before
{Heap before GC invocations=18 (full 0):
 garbage-first heap   total 315392K, used 253294K [0x0000000701200000, 0x0000000800000000)
  region size 1024K, 124 young (126976K), 18 survivors (18432K)
 Metaspace       used 92258K, capacity 93599K, committed 93696K, reserved 1132544K
  class space    used 9483K, capacity 9980K, committed 9984K, reserved 1048576K
}
Event: 49.475 GC heap after
{Heap after GC invocations=19 (full 0):
 garbage-first heap   total 315392K, used 156584K [0x0000000701200000, 0x0000000800000000)
  region size 1024K, 12 young (12288K), 12 survivors (12288K)
 Metaspace       used 92258K, capacity 93599K, committed 93696K, reserved 1132544K
  class space    used 9483K, capacity 9980K, committed 9984K, reserved 1048576K
}
Event: 50.509 GC heap before
{Heap before GC invocations=19 (full 0):
 garbage-first heap   total 315392K, used 255912K [0x0000000701200000, 0x0000000800000000)
  region size 1024K, 109 young (111616K), 12 survivors (12288K)
 Metaspace       used 92851K, capacity 94179K, committed 94208K, reserved 1134592K
  class space    used 9491K, capacity 9981K, committed 9984K, reserved 1048576K
}
Event: 50.526 GC heap after
{Heap after GC invocations=20 (full 0):
 garbage-first heap   total 315392K, used 161792K [0x0000000701200000, 0x0000000800000000)
  region size 1024K, 7 young (7168K), 7 survivors (7168K)
 Metaspace       used 92851K, capacity 94179K, committed 94208K, reserved 1134592K
  class space    used 9491K, capacity 9981K, committed 9984K, reserved 1048576K
}

Deoptimization events (20 events):
Event: 52.102 Thread 0x00000267e19bf000 Uncommon trap: trap_request=0xffffff4d fr.pc=0x00000267f4358540 relative=0x0000000000000280
Event: 52.102 Thread 0x00000267e19bf000 Uncommon trap: reason=unstable_if action=reinterpret pc=0x00000267f4358540 method=org.jetbrains.kotlin.codegen.inline.InlineCodegenUtilsKt.isSuspendMarker(Lorg/jetbrains/org/objectweb/asm/tree/AbstractInsnNode;I)Z @ 7 c2
Event: 52.102 Thread 0x00000267e19bf000 DEOPT PACKING pc=0x00000267f4358540 sp=0x00000091fecfa420
Event: 52.102 Thread 0x00000267e19bf000 DEOPT UNPACKING pc=0x00000267eb93a1af sp=0x00000091fecfa3c8 mode 2
Event: 52.102 Thread 0x00000267e19bf000 Uncommon trap: trap_request=0xffffff4d fr.pc=0x00000267f43a6ebc relative=0x000000000000027c
Event: 52.102 Thread 0x00000267e19bf000 Uncommon trap: reason=unstable_if action=reinterpret pc=0x00000267f43a6ebc method=org.jetbrains.kotlin.codegen.inline.InlineCodegenUtilsKt.isSuspendMarker(Lorg/jetbrains/org/objectweb/asm/tree/AbstractInsnNode;I)Z @ 7 c2
Event: 52.102 Thread 0x00000267e19bf000 DEOPT PACKING pc=0x00000267f43a6ebc sp=0x00000091fecfa4a0
Event: 52.102 Thread 0x00000267e19bf000 DEOPT UNPACKING pc=0x00000267eb93a1af sp=0x00000091fecfa3d0 mode 2
Event: 52.102 Thread 0x00000267e19bf000 Uncommon trap: trap_request=0xffffff4d fr.pc=0x00000267f365b18c relative=0x000000000000052c
Event: 52.102 Thread 0x00000267e19bf000 Uncommon trap: reason=unstable_if action=reinterpret pc=0x00000267f365b18c method=org.jetbrains.kotlin.codegen.inline.InlineCodegenUtilsKt.isSuspendMarker(Lorg/jetbrains/org/objectweb/asm/tree/AbstractInsnNode;I)Z @ 7 c2
Event: 52.102 Thread 0x00000267e19bf000 DEOPT PACKING pc=0x00000267f365b18c sp=0x00000091fecfa440
Event: 52.102 Thread 0x00000267e19bf000 DEOPT UNPACKING pc=0x00000267eb93a1af sp=0x00000091fecfa298 mode 2
Event: 52.103 Thread 0x00000267e19bf000 Uncommon trap: trap_request=0xffffffde fr.pc=0x00000267f3c0e5a8 relative=0x00000000000000e8
Event: 52.103 Thread 0x00000267e19bf000 Uncommon trap: reason=class_check action=maybe_recompile pc=0x00000267f3c0e5a8 method=org.jetbrains.kotlin.ir.symbols.impl.IrSymbolBase.getDescriptor()Lorg/jetbrains/kotlin/descriptors/DeclarationDescriptor; @ 19 c2
Event: 52.103 Thread 0x00000267e19bf000 DEOPT PACKING pc=0x00000267f3c0e5a8 sp=0x00000091fecfa300
Event: 52.103 Thread 0x00000267e19bf000 DEOPT UNPACKING pc=0x00000267eb93a1af sp=0x00000091fecfa238 mode 2
Event: 52.169 Thread 0x00000267e19bf000 Uncommon trap: trap_request=0xffffffde fr.pc=0x00000267f3b99e58 relative=0x0000000000000098
Event: 52.169 Thread 0x00000267e19bf000 Uncommon trap: reason=class_check action=maybe_recompile pc=0x00000267f3b99e58 method=org.jetbrains.kotlin.ir.symbols.impl.IrSymbolBase.getDescriptor()Lorg/jetbrains/kotlin/descriptors/DeclarationDescriptor; @ 10 c2
Event: 52.169 Thread 0x00000267e19bf000 DEOPT PACKING pc=0x00000267f3b99e58 sp=0x00000091fecfa650
Event: 52.169 Thread 0x00000267e19bf000 DEOPT UNPACKING pc=0x00000267eb93a1af sp=0x00000091fecfa5f0 mode 2

Classes redefined (0 events):
No events

Internal exceptions (20 events):
Event: 14.208 Thread 0x00000267e19bf000 Exception <a 'java/lang/NoSuchMethodError'{0x000000070fbcd6b8}: 'java.lang.Object java.lang.invoke.DirectMethodHandle$Holder.invokeInterface(java.lang.Object, java.lang.Object, java.lang.Object)'> (0x000000070fbcd6b8) thrown at [s\src\hotspot\share\interpreter\linkResolver.cpp, line 773]
Event: 14.208 Thread 0x00000267e19bf000 Exception <a 'java/lang/IncompatibleClassChangeError'{0x000000070fbd08e8}: Found class java.lang.Object, but interface was expected> (0x000000070fbd08e8) thrown at [s\src\hotspot\share\interpreter\linkResolver.cpp, line 839]
Event: 14.434 Thread 0x00000267e19bf000 Implicit null exception at 0x00000267f398583e to 0x00000267f3985f4c
Event: 14.434 Thread 0x00000267e19bf000 Implicit null exception at 0x00000267f39a0b43 to 0x00000267f39a11cc
Event: 14.490 Thread 0x00000267e19bf000 Implicit null exception at 0x00000267f3416c75 to 0x00000267f3416e64
Event: 21.141 Thread 0x00000267e19bf000 Implicit null exception at 0x00000267f3423ff4 to 0x00000267f3424224
Event: 37.458 Thread 0x00000267e19bf000 Implicit null exception at 0x00000267f405db5b to 0x00000267f405dc6b
Event: 37.458 Thread 0x00000267e19bf000 Implicit null exception at 0x00000267f3c6decb to 0x00000267f3c70878
Event: 44.150 Thread 0x00000267e19bf000 Exception <a 'java/lang/NoSuchMethodError'{0x0000000712c1a0f0}: 'java.lang.Object java.lang.invoke.DirectMethodHandle$Holder.invokeStaticInit(java.lang.Object, java.lang.Object, java.lang.Object, java.lang.Object)'> (0x0000000712c1a0f0) thrown at [s\src\hotspot\share\interpreter\linkResolver.cpp, line 773]
Event: 44.327 Thread 0x00000267e19bf000 Exception <a 'java/lang/NoSuchMethodError'{0x0000000712387f70}: 'int java.lang.invoke.DirectMethodHandle$Holder.invokeStaticInit(java.lang.Object, java.lang.Object, java.lang.Object, java.lang.Object)'> (0x0000000712387f70) thrown at [s\src\hotspot\share\interpreter\linkResolver.cpp, line 773]
Event: 44.380 Thread 0x00000267e19bf000 Exception <a 'java/lang/NoSuchMethodError'{0x000000071207fff0}: 'java.lang.Object java.lang.invoke.DirectMethodHandle$Holder.invokeStatic(java.lang.Object, java.lang.Object, java.lang.Object, int, int, java.lang.Object, java.lang.Object, java.lang.Object)'> (0x000000071207fff0) thrown at [s\src\hotspot\share\interpreter\linkResolver.cpp, line 773]
Event: 44.381 Thread 0x00000267e19bf000 Exception <a 'java/lang/NoSuchMethodError'{0x000000071208a888}: 'java.lang.Object java.lang.invoke.DirectMethodHandle$Holder.invokeStatic(java.lang.Object, java.lang.Object, java.lang.Object, int, int)'> (0x000000071208a888) thrown at [s\src\hotspot\share\interpreter\linkResolver.cpp, line 773]
Event: 44.381 Thread 0x00000267e19bf000 Exception <a 'java/lang/NoSuchMethodError'{0x000000071208e068}: 'java.lang.Object java.lang.invoke.DirectMethodHandle$Holder.invokeSpecial(java.lang.Object, java.lang.Object, java.lang.Object, java.lang.Object, int, int)'> (0x000000071208e068) thrown at [s\src\hotspot\share\interpreter\linkResolver.cpp, line 773]
Event: 44.381 Thread 0x00000267e19bf000 Exception <a 'java/lang/NoSuchMethodError'{0x0000000712091170}: 'java.lang.Object java.lang.invoke.Invokers$Holder.linkToTargetMethod(java.lang.Object, java.lang.Object, int, int, java.lang.Object)'> (0x0000000712091170) thrown at [s\src\hotspot\share\interpreter\linkResolver.cpp, line 773]
Event: 44.393 Thread 0x00000267e19bf000 Exception <a 'java/lang/NoSuchMethodError'{0x0000000711f198b8}: 'java.lang.Object java.lang.invoke.DirectMethodHandle$Holder.invokeStatic(java.lang.Object, java.lang.Object, java.lang.Object, int, int, java.lang.Object, java.lang.Object)'> (0x0000000711f198b8) thrown at [s\src\hotspot\share\interpreter\linkResolver.cpp, line 773]
Event: 44.394 Thread 0x00000267e19bf000 Exception <a 'java/lang/NoSuchMethodError'{0x0000000711f1d4d0}: 'java.lang.Object java.lang.invoke.DirectMethodHandle$Holder.invokeSpecial(java.lang.Object, java.lang.Object, java.lang.Object, java.lang.Object, int, int, java.lang.Object, java.lang.Object)'> (0x0000000711f1d4d0) thrown at [s\src\hotspot\share\interpreter\linkResolver.cpp, line 773]
Event: 44.394 Thread 0x00000267e19bf000 Exception <a 'java/lang/NoSuchMethodError'{0x0000000711f208e0}: 'java.lang.Object java.lang.invoke.Invokers$Holder.linkToTargetMethod(java.lang.Object, java.lang.Object, int, int, java.lang.Object, java.lang.Object, java.lang.Object)'> (0x0000000711f208e0) thrown at [s\src\hotspot\share\interpreter\linkResolver.cpp, line 773]
Event: 44.403 Thread 0x00000267e19bf000 Exception <a 'java/lang/NoSuchMethodError'{0x0000000711f8c8a8}: 'java.lang.Object java.lang.invoke.DirectMethodHandle$Holder.invokeStatic(java.lang.Object, java.lang.Object, java.lang.Object, int, int, java.lang.Object, java.lang.Object, java.lang.Object, java.lang.Object)'> (0x0000000711f8c8a8) thrown at [s\src\hotspot\share\interpreter\linkResolver.cpp, line 773]
Event: 44.492 Thread 0x00000267e19bf000 Exception <a 'java/lang/NoSuchMethodError'{0x0000000711a2b798}: 'java.lang.Object java.lang.invoke.DirectMethodHandle$Holder.invokeSpecial(java.lang.Object, java.lang.Object, int, int, java.lang.Object, java.lang.Object, java.lang.Object, java.lang.Object, java.lang.Object)'> (0x0000000711a2b798) thrown at [s\src\hotspot\share\interpreter\linkResolver.cpp, line 773]
Event: 49.211 Thread 0x00000267e19bf000 Implicit null exception at 0x00000267f3f12b86 to 0x00000267f3f12c40

Events (20 events):
Event: 52.110 loading class org/jetbrains/kotlin/codegen/coroutines/IloadedValue
Event: 52.110 loading class org/jetbrains/kotlin/codegen/coroutines/IloadedValue done
Event: 52.110 loading class org/jetbrains/kotlin/codegen/coroutines/NullCheckcastAwareOptimizationBasicInterpreter
Event: 52.110 loading class org/jetbrains/kotlin/codegen/coroutines/NullCheckcastAwareOptimizationBasicInterpreter done
Event: 52.110 loading class org/jetbrains/kotlin/codegen/coroutines/TypedNullValue
Event: 52.110 loading class org/jetbrains/kotlin/codegen/coroutines/TypedNullValue done
Event: 52.110 loading class org/jetbrains/kotlin/codegen/optimization/common/VariableLivenessKt
Event: 52.110 loading class org/jetbrains/kotlin/codegen/optimization/common/VariableLivenessKt done
Event: 52.110 loading class org/jetbrains/kotlin/codegen/optimization/common/VariableLivenessKt$analyzeLiveness$1
Event: 52.110 loading class org/jetbrains/kotlin/codegen/optimization/common/VariableLivenessKt$analyzeLiveness$1 done
Event: 52.110 loading class org/jetbrains/kotlin/codegen/optimization/common/BackwardAnalysisInterpreter
Event: 52.110 loading class org/jetbrains/kotlin/codegen/optimization/common/BackwardAnalysisInterpreter done
Event: 52.111 loading class org/jetbrains/kotlin/codegen/optimization/common/BackwardAnalysisKt
Event: 52.111 loading class org/jetbrains/kotlin/codegen/optimization/common/BackwardAnalysisKt done
Event: 52.111 loading class org/jetbrains/kotlin/codegen/optimization/common/VariableLivenessFrame
Event: 52.111 loading class org/jetbrains/kotlin/codegen/optimization/common/VariableLivenessFrame done
Event: 52.111 loading class org/jetbrains/kotlin/codegen/optimization/common/VarFrame
Event: 52.111 loading class org/jetbrains/kotlin/codegen/optimization/common/VarFrame done
Event: 52.152 loading class org/jetbrains/kotlin/backend/jvm/intrinsics/UnsafeCoerce$invoke$2
Event: 52.152 loading class org/jetbrains/kotlin/backend/jvm/intrinsics/UnsafeCoerce$invoke$2 done


Dynamic libraries:
0x00007ff60daf0000 - 0x00007ff60dafd000 	C:\Users\User\.jdks\corretto-11.0.19\bin\java.exe
0x00007ffec62d0000 - 0x00007ffec64c8000 	C:\WINDOWS\SYSTEM32\ntdll.dll
0x00007ffec5ea0000 - 0x00007ffec5f5f000 	C:\WINDOWS\System32\KERNEL32.DLL
0x00007ffec3e10000 - 0x00007ffec4106000 	C:\WINDOWS\System32\KERNELBASE.dll
0x00007ffec41c0000 - 0x00007ffec42c0000 	C:\WINDOWS\System32\ucrtbase.dll
0x00007ffebcfb0000 - 0x00007ffebcfc9000 	C:\Users\User\.jdks\corretto-11.0.19\bin\VCRUNTIME140.dll
0x00007ffebcfd0000 - 0x00007ffebcfe7000 	C:\Users\User\.jdks\corretto-11.0.19\bin\jli.dll
0x00007ffec4620000 - 0x00007ffec47bd000 	C:\WINDOWS\System32\USER32.dll
0x00007ffec3b30000 - 0x00007ffec3b52000 	C:\WINDOWS\System32\win32u.dll
0x00007ffeb7680000 - 0x00007ffeb791a000 	C:\WINDOWS\WinSxS\amd64_microsoft.windows.common-controls_6595b64144ccf1df_6.0.19041.1110_none_60b5254171f9507e\COMCTL32.dll
0x00007ffec5a20000 - 0x00007ffec5a4c000 	C:\WINDOWS\System32\GDI32.dll
0x00007ffec3b60000 - 0x00007ffec3c75000 	C:\WINDOWS\System32\gdi32full.dll
0x00007ffec3a40000 - 0x00007ffec3add000 	C:\WINDOWS\System32\msvcp_win.dll
0x00007ffec4d40000 - 0x00007ffec4dde000 	C:\WINDOWS\System32\msvcrt.dll
0x00007ffec5610000 - 0x00007ffec5640000 	C:\WINDOWS\System32\IMM32.DLL
0x00007ffeb9590000 - 0x00007ffeb962b000 	C:\Users\User\.jdks\corretto-11.0.19\bin\msvcp140.dll
0x00007ffe5f600000 - 0x00007ffe6018a000 	C:\Users\User\.jdks\corretto-11.0.19\bin\server\jvm.dll
0x00007ffec47c0000 - 0x00007ffec486f000 	C:\WINDOWS\System32\ADVAPI32.dll
0x00007ffec5f60000 - 0x00007ffec5ffc000 	C:\WINDOWS\System32\sechost.dll
0x00007ffec57e0000 - 0x00007ffec5906000 	C:\WINDOWS\System32\RPCRT4.dll
0x00007ffec6280000 - 0x00007ffec6288000 	C:\WINDOWS\System32\PSAPI.DLL
0x00007ffea1070000 - 0x00007ffea1079000 	C:\WINDOWS\SYSTEM32\WSOCK32.dll
0x00007ffebaf90000 - 0x00007ffebafb7000 	C:\WINDOWS\SYSTEM32\WINMM.dll
0x00007ffec6190000 - 0x00007ffec61fb000 	C:\WINDOWS\System32\WS2_32.dll
0x00007ffebe0e0000 - 0x00007ffebe0ea000 	C:\WINDOWS\SYSTEM32\VERSION.dll
0x00007ffec1870000 - 0x00007ffec1882000 	C:\WINDOWS\SYSTEM32\kernel.appcore.dll
0x00007ffebf680000 - 0x00007ffebf690000 	C:\Users\User\.jdks\corretto-11.0.19\bin\verify.dll
0x00007ffeb9280000 - 0x00007ffeb9464000 	C:\WINDOWS\SYSTEM32\DBGHELP.DLL
0x00007ffeab9b0000 - 0x00007ffeab9e4000 	C:\WINDOWS\SYSTEM32\dbgcore.DLL
0x00007ffec39b0000 - 0x00007ffec3a32000 	C:\WINDOWS\System32\bcryptPrimitives.dll
0x00007ffebca00000 - 0x00007ffebca28000 	C:\Users\User\.jdks\corretto-11.0.19\bin\java.dll
0x00007ffebf3c0000 - 0x00007ffebf3ca000 	C:\Users\User\.jdks\corretto-11.0.19\bin\jimage.dll
0x00007ffebb5a0000 - 0x00007ffebb5b8000 	C:\Users\User\.jdks\corretto-11.0.19\bin\zip.dll
0x00007ffec4ec0000 - 0x00007ffec5604000 	C:\WINDOWS\System32\SHELL32.dll
0x00007ffec1a70000 - 0x00007ffec2203000 	C:\WINDOWS\SYSTEM32\windows.storage.dll
0x00007ffec5a50000 - 0x00007ffec5da4000 	C:\WINDOWS\System32\combase.dll
0x00007ffec3320000 - 0x00007ffec334e000 	C:\WINDOWS\SYSTEM32\Wldp.dll
0x00007ffec5730000 - 0x00007ffec57dd000 	C:\WINDOWS\System32\SHCORE.dll
0x00007ffec4ce0000 - 0x00007ffec4d35000 	C:\WINDOWS\System32\shlwapi.dll
0x00007ffec38e0000 - 0x00007ffec3905000 	C:\WINDOWS\SYSTEM32\profapi.dll
0x00007ffeb9a90000 - 0x00007ffeb9aa9000 	C:\Users\User\.jdks\corretto-11.0.19\bin\net.dll
0x00007ffebda00000 - 0x00007ffebdb0a000 	C:\WINDOWS\SYSTEM32\WINHTTP.dll
0x00007ffec3080000 - 0x00007ffec30ea000 	C:\WINDOWS\system32\mswsock.dll
0x00007ffeb6040000 - 0x00007ffeb6053000 	C:\Users\User\.jdks\corretto-11.0.19\bin\nio.dll

dbghelp: loaded successfully - version: 4.0.5 - missing functions: none
symbol engine: initialized successfully - sym options: 0x614 - pdb path: .;C:\Users\User\.jdks\corretto-11.0.19\bin;C:\WINDOWS\SYSTEM32;C:\WINDOWS\WinSxS\amd64_microsoft.windows.common-controls_6595b64144ccf1df_6.0.19041.1110_none_60b5254171f9507e;C:\Users\User\.jdks\corretto-11.0.19\bin\server

VM Arguments:
java_command: org.jetbrains.kotlin.cli.jvm.K2JVMCompiler @C:\Users\User\AndroidStudioProjects\SkillCinema\app\build\20230816_1593260820769973603.compiler.options
java_class_path (initial): C:\Users\User\.gradle\caches\modules-2\files-2.1\org.jetbrains.kotlin\kotlin-compiler-embeddable\1.7.10\909803167c98606fcf22b4c848647c68e351d48d\kotlin-compiler-embeddable-1.7.10.jar;C:\Users\User\.gradle\caches\modules-2\files-2.1\org.jetbrains.kotlin\kotlin-reflect\1.7.10\165e600dfea6185cf5efa700756294cc4904dbeb\kotlin-reflect-1.7.10.jar;C:\Users\User\.gradle\caches\modules-2\files-2.1\org.jetbrains.kotlin\kotlin-stdlib\1.7.10\d2abf9e77736acc4450dc4a3f707fa2c10f5099d\kotlin-stdlib-1.7.10.jar;C:\Users\User\.gradle\caches\modules-2\files-2.1\org.jetbrains.kotlin\kotlin-script-runtime\1.7.10\c99c87a6988d8fd8d5142e9ed5c9f34a7cf561ee\kotlin-script-runtime-1.7.10.jar;C:\Users\User\.gradle\caches\modules-2\files-2.1\org.jetbrains.kotlin\kotlin-daemon-embeddable\1.7.10\3a9f7aef7080d3ae63126cbba4f827ed664f32fa\kotlin-daemon-embeddable-1.7.10.jar;C:\Users\User\.gradle\caches\modules-2\files-2.1\org.jetbrains.intellij.deps\trove4j\1.0.20200330\3afb14d5f9ceb459d724e907a21145e8ff394f02\trove4j-1.0.20200330.jar;C:\Users\User\.gradle\caches\modules-2\files-2.1\net.java.dev.jna\jna\5.6.0\330f2244e9030119ab3030fc3fededc86713d9cc\jna-5.6.0.jar;C:\Users\User\.gradle\caches\modules-2\files-2.1\org.jetbrains.kotlin\kotlin-stdlib-common\1.7.10\bac80c520d0a9e3f3673bc2658c6ed02ef45a76a\kotlin-stdlib-common-1.7.10.jar;C:\Users\User\.gradle\caches\modules-2\files-2.1\org.jetbrains\annotations\13.0\919f0dfe192fb4e063e7dacadee7f8bb9a2672a9\annotations-13.0.jar
Launcher Type: SUN_STANDARD

[Global flags]
     intx CICompilerCount                          = 3                                         {product} {ergonomic}
     uint ConcGCThreads                            = 1                                         {product} {ergonomic}
     uint G1ConcRefinementThreads                  = 4                                         {product} {ergonomic}
   size_t G1HeapRegionSize                         = 1048576                                   {product} {ergonomic}
    uintx GCDrainStackTargetSize                   = 64                                        {product} {ergonomic}
   size_t InitialHeapSize                          = 268435456                                 {product} {ergonomic}
   size_t MarkStackSize                            = 4194304                                   {product} {ergonomic}
   size_t MaxHeapSize                              = 4276092928                                {product} {ergonomic}
   size_t MaxNewSize                               = 2564816896                                {product} {ergonomic}
   size_t MinHeapDeltaBytes                        = 1048576                                   {product} {ergonomic}
    uintx NonNMethodCodeHeapSize                   = 5830732                                {pd product} {ergonomic}
    uintx NonProfiledCodeHeapSize                  = 122913754                              {pd product} {ergonomic}
    uintx ProfiledCodeHeapSize                     = 122913754                              {pd product} {ergonomic}
    uintx ReservedCodeCacheSize                    = 251658240                              {pd product} {ergonomic}
     bool SegmentedCodeCache                       = true                                      {product} {ergonomic}
     bool UseCompressedClassPointers               = true                                 {lp64_product} {ergonomic}
     bool UseCompressedOops                        = true                                 {lp64_product} {ergonomic}
     bool UseG1GC                                  = true                                      {product} {ergonomic}
     bool UseLargePagesIndividualAllocation        = false                                  {pd product} {ergonomic}

Logging:
Log output configuration:
 #0: stdout all=warning uptime,level,tags
 #1: stderr all=off uptime,level,tags

Environment Variables:
PATH=C:\Program Files\Common Files\Oracle\Java\javapath;C:\Windows\system32;C:\Windows;C:\Windows\System32\Wbem;C:\Windows\System32\WindowsPowerShell\v1.0\;C:\Program Files (x86)\NVIDIA Corporation\PhysX\Common;C:\Program Files\Git\cmd;C:\WINDOWS\system32;C:\WINDOWS;C:\WINDOWS\System32\Wbem;C:\WINDOWS\System32\WindowsPowerShell\v1.0\;C:\WINDOWS\System32\OpenSSH\;C:\Program Files\dotnet\;C:\Users\User\AppData\Local\Microsoft\WindowsApps;;D:\IntelliJIDEA\IntelliJ IDEA Community Edition 2021.1.3\bin;
USERNAME=User
OS=Windows_NT
PROCESSOR_IDENTIFIER=Intel64 Family 6 Model 94 Stepping 3, GenuineIntel
TMP=C:\Users\User\AppData\Local\Temp
TEMP=C:\Users\User\AppData\Local\Temp



---------------  S Y S T E M  ---------------

OS: Windows 10 , 64 bit Build 19041 (10.0.19041.3155)
OS uptime: 3 days 22:49 hours

CPU:total 4 (initial active 4) (4 cores per cpu, 1 threads per core) family 6 model 94 stepping 3 microcode 0xcc, cmov, cx8, fxsr, mmx, sse, sse2, sse3, ssse3, sse4.1, sse4.2, popcnt, avx, avx2, aes, clmul, erms, rtm, 3dnowpref, lzcnt, tsc, tscinvbit, bmi1, bmi2, adx, fma

Memory: 4k page, system-wide physical 16308M (3400M free)
TotalPageFile size 35405M (AvailPageFile size 6M)
current process WorkingSet (physical memory assigned to process): 613M, peak: 616M
current process commit charge ("private bytes"): 655M, peak: 657M

vm_info: OpenJDK 64-Bit Server VM (11.0.19+7-LTS) for windows-amd64 JRE (11.0.19+7-LTS), built on Apr 13 2023 22:56:25 by "Administrator" with MS VC++ 15.9 (VS2017)

END.
